[2024-04-21 22:16:58,257] {logger:43} INFO - evaluate_experiment_multiple_labs.py, args: Namespace(excel_path='/home/s202283/code/grieger_validation/results.xlsx', experiment='all_data', row='6', save_dir='/home/s202283/code/grieger_validation/results/step2b/', test_lab='Kornum')
================================================================================
[2024-04-21 22:16:58,257] {logger:44} INFO - config:
[2024-04-21 22:16:58,257] {logger:45} INFO - parameter name      | parameter value
[2024-04-21 22:16:58,257] {logger:46} INFO - experiment          : all_data
[2024-04-21 22:16:58,257] {logger:46} INFO - RUN_NAME            : all_data_2024-04-21_22-16-58
[2024-04-21 22:16:58,257] {logger:46} INFO - DEVICE              : cuda
[2024-04-21 22:16:58,257] {logger:46} INFO - EXPERIMENT_DIR      : /home/s202283/code/grieger_validation/results/step2b/Kornum
[2024-04-21 22:16:58,257] {logger:46} INFO - MODELS_DIR          : /home/s202283/code/grieger_validation/results/step2b/Kornum/models
[2024-04-21 22:16:58,257] {logger:46} INFO - VISUALS_DIR         : /home/s202283/code/grieger_validation/results/step2b/Kornum/visuals/all_data_2024-04-21_22-16-58
[2024-04-21 22:16:58,257] {logger:46} INFO - DATA_DIR            : /scratch/s202283/data/grieger_validation
[2024-04-21 22:16:58,257] {logger:46} INFO - SAMPLE_DURATION     : 4
[2024-04-21 22:16:58,257] {logger:46} INFO - SAMPLING_RATE       : 64
[2024-04-21 22:16:58,257] {logger:46} INFO - ORIGINAL_FS         : {'Alessandro': 128, 'Antoine': 512, 'Kornum': 400}
[2024-04-21 22:16:58,257] {logger:46} INFO - DATA_FILE           : /home/s202283/code/grieger_validation/cache/dataset/multiple_labs.h5
[2024-04-21 22:16:58,257] {logger:46} INFO - STAGES              : ['Wake', 'Non REM', 'REM']
[2024-04-21 22:16:58,257] {logger:46} INFO - CHANNELS_IN_MODEL   : ['EEG1']
[2024-04-21 22:16:58,258] {logger:46} INFO - CHANNELS_IN_TABLE   : ['EEG1', 'EEG2', 'EEG3', 'EEG4', 'EMG']
[2024-04-21 22:16:58,258] {logger:46} INFO - LABS_CHANNELS       : {'Alessandro': {'EEG1': 0, 'EMG': 1}, 'Antoine': {'EEG1': 0, 'EEG2': 1, 'EEG3': 2, 'EEG4': 3, 'EMG': 4}, 'Maiken': {'EEG1': 0, 'EMG': 1}, 'Kornum': {'EEG1': 0, 'EEG2': 1, 'EMG': 2}, 'Sebastian': {'EEG1': 1, 'EEG2': 2, 'EMG': 0}}
[2024-04-21 22:16:58,258] {logger:46} INFO - SAMPLES_LEFT        : 3.25
[2024-04-21 22:16:58,258] {logger:46} INFO - SAMPLES_RIGHT       : 3.25
[2024-04-21 22:16:58,258] {logger:46} INFO - LABS                : ['Antoine', 'Kornum', 'Alessandro', 'Sebastian', 'Maiken']
[2024-04-21 22:16:58,258] {logger:46} INFO - ORIGINAL_DATASET_SIZE: 366122
[2024-04-21 22:16:58,258] {logger:46} INFO - VALIDATION_SPLIT    : 0.2
[2024-04-21 22:16:58,258] {logger:46} INFO - LOG_INTERVAL        : 10
[2024-04-21 22:16:58,258] {logger:46} INFO - EXTRA_SAFE_MODELS   : False
[2024-04-21 22:16:58,258] {logger:46} INFO - BATCH_SIZE          : 256
[2024-04-21 22:16:58,258] {logger:46} INFO - DATA_FRACTION       : False
[2024-04-21 22:16:58,258] {logger:46} INFO - EPOCHS              : 50
[2024-04-21 22:16:58,258] {logger:46} INFO - WARMUP_EPOCHS       : 12
[2024-04-21 22:16:58,258] {logger:46} INFO - S_OPTIM_MODE        : exp
[2024-04-21 22:16:58,258] {logger:46} INFO - S_OPTIM_PARAS       : [0.06]
[2024-04-21 22:16:58,258] {logger:46} INFO - LEARNING_RATE       : 0.000256
[2024-04-21 22:16:58,258] {logger:46} INFO - OPTIMIZER           : <class 'torch.optim.adam.Adam'>
[2024-04-21 22:16:58,258] {logger:46} INFO - OPTIM_PARAS         : {}
[2024-04-21 22:16:58,258] {logger:46} INFO - L1_WEIGHT_DECAY     : 0
[2024-04-21 22:16:58,258] {logger:46} INFO - L2_WEIGHT_DECAY     : 0.0001
[2024-04-21 22:16:58,258] {logger:46} INFO - BATCH_SIZE_EVAL     : 512
[2024-04-21 22:16:58,259] {logger:46} INFO - FILTERS             : 96
[2024-04-21 22:16:58,259] {logger:46} INFO - CLASSIFIER_DROPOUT  : [0.2, 0.2]
[2024-04-21 22:16:58,259] {logger:46} INFO - FEATURE_EXTR_DROPOUT: [0.0, 0.2, 0.0, 0.2, 0.0, 0.2, 0.0, 0.2]
[2024-04-21 22:16:58,259] {logger:46} INFO - MODEL_NAME          : model_8conv_2fc
[2024-04-21 22:16:58,259] {logger:50} INFO - 
[2024-04-21 22:16:58,259] {logger:51} INFO - ================================================================================
[2024-04-21 22:16:58,259] {logger:52} INFO - evaluate best model of experiment all_data on dataset Kornum
[2024-04-21 22:16:58,259] {logger:53} INFO - ================================================================================
[2024-04-21 22:16:58,259] {logger:54} INFO - 
[2024-04-21 22:16:58,259] {logger:50} INFO - 
[2024-04-21 22:16:58,259] {logger:51} INFO - ================================================================================
[2024-04-21 22:16:58,259] {logger:52} INFO - start evaluation
[2024-04-21 22:16:58,259] {logger:53} INFO - ================================================================================
[2024-04-21 22:16:58,259] {logger:54} INFO - 
[2024-04-21 22:19:04,383] {dataloader:174} INFO - data distribution in database for dataset test:
	Kornum              : {'Wake': 486068, 'Non REM': 343734, 'REM': 55602}
[2024-04-21 22:19:04,420] {dataloader:202} INFO - data distribution after processing:
	Kornum              : {'Wake': 486068, 'Non REM': 343734, 'REM': 55602}
[2024-04-21 22:19:05,592] {evaluate_experiment_multiple_labs:55} INFO - loaded model:
Model(
  (feature_extractor): Sequential(
    (0): BatchNorm1d(1, eps=1e-05, momentum=0.1, affine=True, track_running_stats=True)
    (1): Conv1d(1, 96, kernel_size=(5,), stride=(1,))
    (2): ReLU(inplace=True)
    (3): BatchNorm1d(96, eps=1e-05, momentum=0.1, affine=True, track_running_stats=True)
    (4): Dropout(p=0.0, inplace=False)
    (5): Conv1d(96, 96, kernel_size=(5,), stride=(2,))
    (6): ReLU(inplace=True)
    (7): BatchNorm1d(96, eps=1e-05, momentum=0.1, affine=True, track_running_stats=True)
    (8): Dropout(p=0.2, inplace=False)
    (9): Conv1d(96, 96, kernel_size=(5,), stride=(1,))
    (10): ReLU(inplace=True)
    (11): BatchNorm1d(96, eps=1e-05, momentum=0.1, affine=True, track_running_stats=True)
    (12): Dropout(p=0.0, inplace=False)
    (13): Conv1d(96, 96, kernel_size=(5,), stride=(2,))
    (14): ReLU(inplace=True)
    (15): BatchNorm1d(96, eps=1e-05, momentum=0.1, affine=True, track_running_stats=True)
    (16): Dropout(p=0.2, inplace=False)
    (17): Conv1d(96, 96, kernel_size=(5,), stride=(1,))
    (18): ReLU(inplace=True)
    (19): BatchNorm1d(96, eps=1e-05, momentum=0.1, affine=True, track_running_stats=True)
    (20): Dropout(p=0.0, inplace=False)
    (21): Conv1d(96, 96, kernel_size=(5,), stride=(2,))
    (22): ReLU(inplace=True)
    (23): BatchNorm1d(96, eps=1e-05, momentum=0.1, affine=True, track_running_stats=True)
    (24): Dropout(p=0.2, inplace=False)
    (25): Conv1d(96, 96, kernel_size=(5,), stride=(1,))
    (26): ReLU(inplace=True)
    (27): BatchNorm1d(96, eps=1e-05, momentum=0.1, affine=True, track_running_stats=True)
    (28): Dropout(p=0.0, inplace=False)
    (29): Conv1d(96, 96, kernel_size=(5,), stride=(2,))
    (30): ReLU(inplace=True)
    (31): BatchNorm1d(96, eps=1e-05, momentum=0.1, affine=True, track_running_stats=True)
    (32): Dropout(p=0.2, inplace=False)
  )
  (classifier): Sequential(
    (0): Dropout(p=0.2, inplace=False)
    (1): Linear(in_features=10848, out_features=80, bias=True)
    (2): ReLU(inplace=True)
    (3): Dropout(p=0.2, inplace=False)
    (4): Linear(in_features=80, out_features=3, bias=True)
  )
)
[2024-04-21 22:20:37,199] {result_logger:97} INFO - scores for sleep stages on dataset: Kornum
[2024-04-21 22:20:38,604] {result_logger:103} INFO - precision on Wake: 0.924
[2024-04-21 22:20:39,495] {result_logger:104} INFO - recall on Wake: 0.018
[2024-04-21 22:20:40,354] {result_logger:107} INFO - F1-score on Wake: 0.035
[2024-04-21 22:20:40,354] {result_logger:108} INFO - 
[2024-04-21 22:20:41,850] {result_logger:103} INFO - precision on Non REM: 0.561
[2024-04-21 22:20:42,759] {result_logger:104} INFO - recall on Non REM: 0.941
[2024-04-21 22:20:43,710] {result_logger:107} INFO - F1-score on Non REM: 0.703
[2024-04-21 22:20:43,710] {result_logger:108} INFO - 
[2024-04-21 22:20:45,149] {result_logger:103} INFO - precision on REM: 0.128
[2024-04-21 22:20:46,089] {result_logger:104} INFO - recall on REM: 0.688
[2024-04-21 22:20:46,999] {result_logger:107} INFO - F1-score on REM: 0.215
[2024-04-21 22:20:46,999] {result_logger:108} INFO - 
[2024-04-21 22:20:47,186] {result_logger:111} INFO - average precision on sleep stages: 0.538
[2024-04-21 22:20:47,373] {result_logger:113} INFO - average recall on sleep stages: 0.549
[2024-04-21 22:20:47,558] {result_logger:115} INFO - average F1-score on sleep stages: 0.318
[2024-04-21 22:20:47,562] {evaluate_experiment_multiple_labs:62} INFO - 
[2024-04-21 22:20:47,562] {result_logger:130} INFO - confusion matrix for sleep stages on dataset: Kornum
[2024-04-21 22:20:47,696] {result_logger:134} INFO - 
[[  8610 235495 241969]
 [   618 323473  19637]
 [    86  17265  38251]]
[2024-04-21 22:20:47,950] {result_logger:141} INFO - 
[[  1.77%  48.45%  49.78%]
 [  0.18%  94.11%   5.71%]
 [  0.15%  31.05%  68.79%]]
[2024-04-21 22:20:48,259] {result_logger:145} INFO - 
[[ 92.44%  40.87%  80.69%]
 [  6.64%  56.14%   6.55%]
 [  0.92%   3.00%  12.76%]]
[2024-04-21 22:20:50,029] {result_logger:74} INFO - transformation matrix for sleep stages on dataset: Kornum
[2024-04-21 22:20:50,029] {result_logger:77} INFO - actual:
[2024-04-21 22:20:50,030] {result_logger:78} INFO - 
[[97.06%  2.93%  0.01%]
 [ 3.34% 95.80%  0.86%]
 [ 5.04%  0.38% 94.59%]]
[2024-04-21 22:20:50,030] {result_logger:79} INFO - predicted:
[2024-04-21 22:20:50,030] {result_logger:80} INFO - 
[[31.89% 44.01% 24.10%]
 [ 0.69% 83.92% 15.39%]
 [ 0.79% 29.53% 69.68%]]
[2024-04-21 22:20:51,074] {logger:50} INFO - 
[2024-04-21 22:20:51,074] {logger:51} INFO - ================================================================================
[2024-04-21 22:20:51,074] {logger:52} INFO - finished evaluation
[2024-04-21 22:20:51,074] {logger:53} INFO - ================================================================================
[2024-04-21 22:20:51,074] {logger:54} INFO - 
