[2024-03-29 21:06:02,169] {logger:43} INFO - evaluate_experiment_multiple_labs.py, args: Namespace(excel_path='/home/s202283/code/grieger_validation/results.xlsx', experiment='all_data', row='5', save_dir='/home/s202283/code/grieger_validation/results/step4/', test_lab='Antoine')
================================================================================
[2024-03-29 21:06:02,169] {logger:44} INFO - config:
[2024-03-29 21:06:02,169] {logger:45} INFO - parameter name      | parameter value
[2024-03-29 21:06:02,169] {logger:46} INFO - experiment          : all_data
[2024-03-29 21:06:02,169] {logger:46} INFO - RUN_NAME            : all_data_2024-03-29_21-06-02
[2024-03-29 21:06:02,169] {logger:46} INFO - DEVICE              : cuda
[2024-03-29 21:06:02,169] {logger:46} INFO - EXPERIMENT_DIR      : /home/s202283/code/grieger_validation/results/step4/Antoine
[2024-03-29 21:06:02,169] {logger:46} INFO - MODELS_DIR          : /home/s202283/code/grieger_validation/results/step4/Antoine/models
[2024-03-29 21:06:02,169] {logger:46} INFO - VISUALS_DIR         : /home/s202283/code/grieger_validation/results/step4/Antoine/visuals/all_data_2024-03-29_21-06-02
[2024-03-29 21:06:02,169] {logger:46} INFO - DATA_DIR            : /scratch/s202283/data/grieger_validation
[2024-03-29 21:06:02,169] {logger:46} INFO - SAMPLE_DURATION     : 4
[2024-03-29 21:06:02,169] {logger:46} INFO - SAMPLING_RATE       : 64
[2024-03-29 21:06:02,169] {logger:46} INFO - ORIGINAL_FS         : {'Alessandro': 128, 'Antoine': 512, 'Kornum': 400}
[2024-03-29 21:06:02,169] {logger:46} INFO - DATA_FILE           : /home/s202283/code/grieger_validation/cache/dataset/multiple_labs.h5
[2024-03-29 21:06:02,170] {logger:46} INFO - STAGES              : ['Wake', 'Non REM', 'REM']
[2024-03-29 21:06:02,170] {logger:46} INFO - CHANNELS_IN_MODEL   : ['EEG1']
[2024-03-29 21:06:02,170] {logger:46} INFO - CHANNELS_IN_TABLE   : ['EEG1', 'EEG2', 'EEG3', 'EEG4', 'EMG']
[2024-03-29 21:06:02,170] {logger:46} INFO - LABS_CHANNELS       : {'Alessandro': {'EEG1': 0, 'EMG': 1}, 'Antoine': {'EEG1': 0, 'EEG2': 1, 'EEG3': 2, 'EEG4': 3, 'EMG': 4}, 'Maiken': {'EEG1': 0, 'EMG': 1}, 'Kornum': {'EEG1': 0, 'EEG2': 1, 'EMG': 2}, 'Sebastian': {'EEG1': 1, 'EEG2': 2, 'EMG': 0}}
[2024-03-29 21:06:02,170] {logger:46} INFO - SAMPLES_LEFT        : 3.25
[2024-03-29 21:06:02,170] {logger:46} INFO - SAMPLES_RIGHT       : 3.25
[2024-03-29 21:06:02,170] {logger:46} INFO - LABS                : ['Antoine', 'Kornum', 'Alessandro', 'Sebastian', 'Maiken']
[2024-03-29 21:06:02,170] {logger:46} INFO - ORIGINAL_DATASET_SIZE: 366122
[2024-03-29 21:06:02,170] {logger:46} INFO - VALIDATION_SPLIT    : 0.2
[2024-03-29 21:06:02,170] {logger:46} INFO - LOG_INTERVAL        : 10
[2024-03-29 21:06:02,170] {logger:46} INFO - EXTRA_SAFE_MODELS   : False
[2024-03-29 21:06:02,170] {logger:46} INFO - BATCH_SIZE          : 256
[2024-03-29 21:06:02,170] {logger:46} INFO - DATA_FRACTION       : False
[2024-03-29 21:06:02,170] {logger:46} INFO - EPOCHS              : 50
[2024-03-29 21:06:02,170] {logger:46} INFO - WARMUP_EPOCHS       : 12
[2024-03-29 21:06:02,170] {logger:46} INFO - S_OPTIM_MODE        : exp
[2024-03-29 21:06:02,170] {logger:46} INFO - S_OPTIM_PARAS       : [0.06]
[2024-03-29 21:06:02,170] {logger:46} INFO - LEARNING_RATE       : 0.000256
[2024-03-29 21:06:02,170] {logger:46} INFO - OPTIMIZER           : <class 'torch.optim.adam.Adam'>
[2024-03-29 21:06:02,170] {logger:46} INFO - OPTIM_PARAS         : {}
[2024-03-29 21:06:02,170] {logger:46} INFO - L1_WEIGHT_DECAY     : 0
[2024-03-29 21:06:02,170] {logger:46} INFO - L2_WEIGHT_DECAY     : 0.0001
[2024-03-29 21:06:02,170] {logger:46} INFO - BATCH_SIZE_EVAL     : 512
[2024-03-29 21:06:02,170] {logger:46} INFO - FILTERS             : 96
[2024-03-29 21:06:02,170] {logger:46} INFO - CLASSIFIER_DROPOUT  : [0.2, 0.2]
[2024-03-29 21:06:02,170] {logger:46} INFO - FEATURE_EXTR_DROPOUT: [0.0, 0.2, 0.0, 0.2, 0.0, 0.2, 0.0, 0.2]
[2024-03-29 21:06:02,170] {logger:46} INFO - MODEL_NAME          : model_8conv_2fc
[2024-03-29 21:06:02,170] {logger:50} INFO - 
[2024-03-29 21:06:02,170] {logger:51} INFO - ================================================================================
[2024-03-29 21:06:02,171] {logger:52} INFO - evaluate best model of experiment all_data on dataset Antoine
[2024-03-29 21:06:02,171] {logger:53} INFO - ================================================================================
[2024-03-29 21:06:02,171] {logger:54} INFO - 
[2024-03-29 21:06:02,171] {logger:50} INFO - 
[2024-03-29 21:06:02,171] {logger:51} INFO - ================================================================================
[2024-03-29 21:06:02,171] {logger:52} INFO - start evaluation
[2024-03-29 21:06:02,171] {logger:53} INFO - ================================================================================
[2024-03-29 21:06:02,171] {logger:54} INFO - 
[2024-03-29 21:07:42,015] {dataloader:174} INFO - data distribution in database for dataset test:
	Antoine             : {'Wake': 88840, 'Non REM': 85383, 'REM': 10277}
[2024-03-29 21:07:42,023] {dataloader:202} INFO - data distribution after processing:
	Antoine             : {'Wake': 88840, 'Non REM': 85383, 'REM': 10277}
[2024-03-29 21:07:42,881] {evaluate_experiment_multiple_labs:55} INFO - loaded model:
Model(
  (feature_extractor): Sequential(
    (0): BatchNorm1d(1, eps=1e-05, momentum=0.1, affine=True, track_running_stats=True)
    (1): Conv1d(1, 96, kernel_size=(5,), stride=(1,))
    (2): ReLU(inplace=True)
    (3): BatchNorm1d(96, eps=1e-05, momentum=0.1, affine=True, track_running_stats=True)
    (4): Dropout(p=0.0, inplace=False)
    (5): Conv1d(96, 96, kernel_size=(5,), stride=(2,))
    (6): ReLU(inplace=True)
    (7): BatchNorm1d(96, eps=1e-05, momentum=0.1, affine=True, track_running_stats=True)
    (8): Dropout(p=0.2, inplace=False)
    (9): Conv1d(96, 96, kernel_size=(5,), stride=(1,))
    (10): ReLU(inplace=True)
    (11): BatchNorm1d(96, eps=1e-05, momentum=0.1, affine=True, track_running_stats=True)
    (12): Dropout(p=0.0, inplace=False)
    (13): Conv1d(96, 96, kernel_size=(5,), stride=(2,))
    (14): ReLU(inplace=True)
    (15): BatchNorm1d(96, eps=1e-05, momentum=0.1, affine=True, track_running_stats=True)
    (16): Dropout(p=0.2, inplace=False)
    (17): Conv1d(96, 96, kernel_size=(5,), stride=(1,))
    (18): ReLU(inplace=True)
    (19): BatchNorm1d(96, eps=1e-05, momentum=0.1, affine=True, track_running_stats=True)
    (20): Dropout(p=0.0, inplace=False)
    (21): Conv1d(96, 96, kernel_size=(5,), stride=(2,))
    (22): ReLU(inplace=True)
    (23): BatchNorm1d(96, eps=1e-05, momentum=0.1, affine=True, track_running_stats=True)
    (24): Dropout(p=0.2, inplace=False)
    (25): Conv1d(96, 96, kernel_size=(5,), stride=(1,))
    (26): ReLU(inplace=True)
    (27): BatchNorm1d(96, eps=1e-05, momentum=0.1, affine=True, track_running_stats=True)
    (28): Dropout(p=0.0, inplace=False)
    (29): Conv1d(96, 96, kernel_size=(5,), stride=(2,))
    (30): ReLU(inplace=True)
    (31): BatchNorm1d(96, eps=1e-05, momentum=0.1, affine=True, track_running_stats=True)
    (32): Dropout(p=0.2, inplace=False)
  )
  (classifier): Sequential(
    (0): Dropout(p=0.2, inplace=False)
    (1): Linear(in_features=10848, out_features=80, bias=True)
    (2): ReLU(inplace=True)
    (3): Dropout(p=0.2, inplace=False)
    (4): Linear(in_features=80, out_features=3, bias=True)
  )
)
[2024-03-29 21:07:57,074] {result_logger:97} INFO - scores for sleep stages on dataset: Antoine
[2024-03-29 21:07:57,360] {result_logger:103} INFO - precision on Wake: 0.815
[2024-03-29 21:07:57,541] {result_logger:104} INFO - recall on Wake: 0.949
[2024-03-29 21:07:57,723] {result_logger:107} INFO - F1-score on Wake: 0.877
[2024-03-29 21:07:57,723] {result_logger:108} INFO - 
[2024-03-29 21:07:58,017] {result_logger:103} INFO - precision on Non REM: 0.929
[2024-03-29 21:07:58,198] {result_logger:104} INFO - recall on Non REM: 0.785
[2024-03-29 21:07:58,381] {result_logger:107} INFO - F1-score on Non REM: 0.851
[2024-03-29 21:07:58,381] {result_logger:108} INFO - 
[2024-03-29 21:07:58,659] {result_logger:103} INFO - precision on REM: 0.825
[2024-03-29 21:07:58,836] {result_logger:104} INFO - recall on REM: 0.718
[2024-03-29 21:07:59,013] {result_logger:107} INFO - F1-score on REM: 0.768
[2024-03-29 21:07:59,013] {result_logger:108} INFO - 
[2024-03-29 21:07:59,049] {result_logger:111} INFO - average precision on sleep stages: 0.856
[2024-03-29 21:07:59,084] {result_logger:113} INFO - average recall on sleep stages: 0.817
[2024-03-29 21:07:59,119] {result_logger:115} INFO - average F1-score on sleep stages: 0.832
[2024-03-29 21:07:59,120] {evaluate_experiment_multiple_labs:62} INFO - 
[2024-03-29 21:07:59,120] {result_logger:130} INFO - confusion matrix for sleep stages on dataset: Antoine
[2024-03-29 21:07:59,145] {result_logger:134} INFO - 
[[84319  4286   238]
 [17063 66991  1327]
 [ 2041   860  7375]]
[2024-03-29 21:07:59,267] {result_logger:141} INFO - 
[[ 94.91%   4.82%   0.27%]
 [ 19.98%  78.46%   1.55%]
 [ 19.86%   8.37%  71.77%]]
[2024-03-29 21:07:59,435] {result_logger:145} INFO - 
[[ 81.53%   5.94%   2.66%]
 [ 16.50%  92.87%  14.84%]
 [  1.97%   1.19%  82.49%]]
[2024-03-29 21:07:59,912] {result_logger:74} INFO - transformation matrix for sleep stages on dataset: Antoine
[2024-03-29 21:07:59,912] {result_logger:77} INFO - actual:
[2024-03-29 21:07:59,912] {result_logger:78} INFO - 
[[95.96%  4.04%  0.00%]
 [ 3.49% 95.74%  0.77%]
 [ 5.97%  0.41% 93.63%]]
[2024-03-29 21:07:59,913] {result_logger:79} INFO - predicted:
[2024-03-29 21:07:59,913] {result_logger:80} INFO - 
[[90.64%  8.45%  0.90%]
 [11.24% 87.19%  1.57%]
 [17.53%  5.58% 76.89%]]
[2024-03-29 21:08:00,139] {logger:50} INFO - 
[2024-03-29 21:08:00,139] {logger:51} INFO - ================================================================================
[2024-03-29 21:08:00,139] {logger:52} INFO - finished evaluation
[2024-03-29 21:08:00,139] {logger:53} INFO - ================================================================================
[2024-03-29 21:08:00,139] {logger:54} INFO - 
