[2024-10-14 10:51:09,078] {logger:43} INFO - evaluate_experiment_multiple_labs.py, args: Namespace(excel_path='/home/s202283/code/grieger_validation/results_august_new_runs_test.xlsx', experiment='all_data', row='31', save_dir='/home/s202283/code/grieger_validation/results/step4_august/', test_lab='Alessandro')
================================================================================
[2024-10-14 10:51:09,078] {logger:44} INFO - config:
[2024-10-14 10:51:09,078] {logger:45} INFO - parameter name      | parameter value
[2024-10-14 10:51:09,078] {logger:46} INFO - experiment          : all_data
[2024-10-14 10:51:09,078] {logger:46} INFO - RUN_NAME            : all_data_2024-10-14_10-51-09
[2024-10-14 10:51:09,078] {logger:46} INFO - DEVICE              : cuda
[2024-10-14 10:51:09,078] {logger:46} INFO - EXPERIMENT_DIR      : /home/s202283/code/grieger_validation/results/step4_august/Alessandro
[2024-10-14 10:51:09,078] {logger:46} INFO - MODELS_DIR          : /home/s202283/code/grieger_validation/results/step4_august/Alessandro/models
[2024-10-14 10:51:09,078] {logger:46} INFO - VISUALS_DIR         : /home/s202283/code/grieger_validation/results/step4_august/Alessandro/visuals/all_data_2024-10-14_10-51-09
[2024-10-14 10:51:09,078] {logger:46} INFO - DATA_DIR            : /scratch/s202283/data/grieger_validation
[2024-10-14 10:51:09,078] {logger:46} INFO - SAMPLE_DURATION     : 4
[2024-10-14 10:51:09,078] {logger:46} INFO - SAMPLING_RATE       : 64
[2024-10-14 10:51:09,078] {logger:46} INFO - ORIGINAL_FS         : {'Alessandro': 128, 'Antoine': 512, 'Kornum': 400}
[2024-10-14 10:51:09,078] {logger:46} INFO - DATA_FILE           : /home/s202283/code/grieger_validation/cache/dataset/multiple_labs.h5
[2024-10-14 10:51:09,078] {logger:46} INFO - STAGES              : ['Wake', 'REM', 'Non REM']
[2024-10-14 10:51:09,079] {logger:46} INFO - CHANNELS_IN_MODEL   : ['EEG1']
[2024-10-14 10:51:09,079] {logger:46} INFO - CHANNELS_IN_TABLE   : ['EEG1', 'EEG2', 'EEG3', 'EEG4', 'EMG']
[2024-10-14 10:51:09,079] {logger:46} INFO - LABS_CHANNELS       : {'Alessandro': {'EEG1': 0, 'EMG': 1}, 'Antoine': {'EEG1': 0, 'EEG2': 1, 'EEG3': 2, 'EEG4': 3, 'EMG': 4}, 'Maiken': {'EEG1': 0, 'EMG': 1}, 'Kornum': {'EEG1': 0, 'EEG2': 1, 'EMG': 2}, 'Sebastian': {'EEG1': 1, 'EEG2': 2, 'EMG': 0}}
[2024-10-14 10:51:09,079] {logger:46} INFO - SAMPLES_LEFT        : 3.25
[2024-10-14 10:51:09,079] {logger:46} INFO - SAMPLES_RIGHT       : 3.25
[2024-10-14 10:51:09,079] {logger:46} INFO - LABS                : ['Antoine', 'Kornum', 'Alessandro', 'Sebastian', 'Maiken']
[2024-10-14 10:51:09,079] {logger:46} INFO - ORIGINAL_DATASET_SIZE: 366122
[2024-10-14 10:51:09,079] {logger:46} INFO - VALIDATION_SPLIT    : 0.1392
[2024-10-14 10:51:09,079] {logger:46} INFO - LOG_INTERVAL        : 10
[2024-10-14 10:51:09,079] {logger:46} INFO - EXTRA_SAFE_MODELS   : False
[2024-10-14 10:51:09,079] {logger:46} INFO - BATCH_SIZE          : 256
[2024-10-14 10:51:09,079] {logger:46} INFO - DATA_FRACTION       : False
[2024-10-14 10:51:09,079] {logger:46} INFO - EPOCHS              : 50
[2024-10-14 10:51:09,079] {logger:46} INFO - WARMUP_EPOCHS       : 12
[2024-10-14 10:51:09,079] {logger:46} INFO - S_OPTIM_MODE        : exp
[2024-10-14 10:51:09,079] {logger:46} INFO - S_OPTIM_PARAS       : [0.06]
[2024-10-14 10:51:09,079] {logger:46} INFO - LEARNING_RATE       : 0.000256
[2024-10-14 10:51:09,079] {logger:46} INFO - OPTIMIZER           : <class 'torch.optim.adam.Adam'>
[2024-10-14 10:51:09,079] {logger:46} INFO - OPTIM_PARAS         : {}
[2024-10-14 10:51:09,079] {logger:46} INFO - L1_WEIGHT_DECAY     : 0
[2024-10-14 10:51:09,079] {logger:46} INFO - L2_WEIGHT_DECAY     : 0.0001
[2024-10-14 10:51:09,079] {logger:46} INFO - BATCH_SIZE_EVAL     : 512
[2024-10-14 10:51:09,079] {logger:46} INFO - FILTERS             : 96
[2024-10-14 10:51:09,080] {logger:46} INFO - CLASSIFIER_DROPOUT  : [0.2, 0.2]
[2024-10-14 10:51:09,080] {logger:46} INFO - FEATURE_EXTR_DROPOUT: [0.0, 0.2, 0.0, 0.2, 0.0, 0.2, 0.0, 0.2]
[2024-10-14 10:51:09,080] {logger:46} INFO - MODEL_NAME          : model_8conv_2fc
[2024-10-14 10:51:09,080] {logger:50} INFO - 
[2024-10-14 10:51:09,080] {logger:51} INFO - ================================================================================
[2024-10-14 10:51:09,080] {logger:52} INFO - evaluate best model of experiment all_data on dataset Alessandro
[2024-10-14 10:51:09,080] {logger:53} INFO - ================================================================================
[2024-10-14 10:51:09,080] {logger:54} INFO - 
[2024-10-14 10:51:09,080] {logger:50} INFO - 
[2024-10-14 10:51:09,080] {logger:51} INFO - ================================================================================
[2024-10-14 10:51:09,080] {logger:52} INFO - start evaluation
[2024-10-14 10:51:09,080] {logger:53} INFO - ================================================================================
[2024-10-14 10:51:09,080] {logger:54} INFO - 
[2024-10-14 10:53:19,479] {dataloader:161} INFO - data distribution in database for dataset test:
	Alessandro          : {'Wake': 328443, 'REM': 33091, 'Non REM': 258000}
[2024-10-14 10:53:19,508] {dataloader:189} INFO - data distribution after processing:
	Alessandro          : {'Wake': 328443, 'REM': 33091, 'Non REM': 258000}
[2024-10-14 10:53:22,768] {evaluate_experiment_multiple_labs:56} INFO - loaded model:
Model(
  (feature_extractor): Sequential(
    (0): BatchNorm1d(1, eps=1e-05, momentum=0.1, affine=True, track_running_stats=True)
    (1): Conv1d(1, 96, kernel_size=(5,), stride=(1,))
    (2): ReLU(inplace=True)
    (3): BatchNorm1d(96, eps=1e-05, momentum=0.1, affine=True, track_running_stats=True)
    (4): Dropout(p=0.0, inplace=False)
    (5): Conv1d(96, 96, kernel_size=(5,), stride=(2,))
    (6): ReLU(inplace=True)
    (7): BatchNorm1d(96, eps=1e-05, momentum=0.1, affine=True, track_running_stats=True)
    (8): Dropout(p=0.2, inplace=False)
    (9): Conv1d(96, 96, kernel_size=(5,), stride=(1,))
    (10): ReLU(inplace=True)
    (11): BatchNorm1d(96, eps=1e-05, momentum=0.1, affine=True, track_running_stats=True)
    (12): Dropout(p=0.0, inplace=False)
    (13): Conv1d(96, 96, kernel_size=(5,), stride=(2,))
    (14): ReLU(inplace=True)
    (15): BatchNorm1d(96, eps=1e-05, momentum=0.1, affine=True, track_running_stats=True)
    (16): Dropout(p=0.2, inplace=False)
    (17): Conv1d(96, 96, kernel_size=(5,), stride=(1,))
    (18): ReLU(inplace=True)
    (19): BatchNorm1d(96, eps=1e-05, momentum=0.1, affine=True, track_running_stats=True)
    (20): Dropout(p=0.0, inplace=False)
    (21): Conv1d(96, 96, kernel_size=(5,), stride=(2,))
    (22): ReLU(inplace=True)
    (23): BatchNorm1d(96, eps=1e-05, momentum=0.1, affine=True, track_running_stats=True)
    (24): Dropout(p=0.2, inplace=False)
    (25): Conv1d(96, 96, kernel_size=(5,), stride=(1,))
    (26): ReLU(inplace=True)
    (27): BatchNorm1d(96, eps=1e-05, momentum=0.1, affine=True, track_running_stats=True)
    (28): Dropout(p=0.0, inplace=False)
    (29): Conv1d(96, 96, kernel_size=(5,), stride=(2,))
    (30): ReLU(inplace=True)
    (31): BatchNorm1d(96, eps=1e-05, momentum=0.1, affine=True, track_running_stats=True)
    (32): Dropout(p=0.2, inplace=False)
  )
  (classifier): Sequential(
    (0): Dropout(p=0.2, inplace=False)
    (1): Linear(in_features=10848, out_features=80, bias=True)
    (2): ReLU(inplace=True)
    (3): Dropout(p=0.2, inplace=False)
    (4): Linear(in_features=80, out_features=3, bias=True)
  )
)
[2024-10-14 10:54:33,974] {result_logger:97} INFO - scores for sleep stages on dataset: Alessandro
[2024-10-14 10:54:35,047] {result_logger:103} INFO - precision on Wake: 0.944
[2024-10-14 10:54:35,657] {result_logger:104} INFO - recall on Wake: 0.801
[2024-10-14 10:54:36,267] {result_logger:107} INFO - F1-score on Wake: 0.867
[2024-10-14 10:54:36,267] {result_logger:108} INFO - 
[2024-10-14 10:54:37,315] {result_logger:103} INFO - precision on REM: 0.554
[2024-10-14 10:54:37,914] {result_logger:104} INFO - recall on REM: 0.954
[2024-10-14 10:54:38,512] {result_logger:107} INFO - F1-score on REM: 0.701
[2024-10-14 10:54:38,512] {result_logger:108} INFO - 
[2024-10-14 10:54:39,583] {result_logger:103} INFO - precision on Non REM: 0.819
[2024-10-14 10:54:40,192] {result_logger:104} INFO - recall on Non REM: 0.900
[2024-10-14 10:54:40,799] {result_logger:107} INFO - F1-score on Non REM: 0.858
[2024-10-14 10:54:40,799] {result_logger:108} INFO - 
[2024-10-14 10:54:40,924] {result_logger:111} INFO - average precision on sleep stages: 0.772
[2024-10-14 10:54:41,047] {result_logger:113} INFO - average recall on sleep stages: 0.885
[2024-10-14 10:54:41,171] {result_logger:115} INFO - average F1-score on sleep stages: 0.809
[2024-10-14 10:54:41,174] {evaluate_experiment_multiple_labs:63} INFO - 
[2024-10-14 10:54:41,174] {result_logger:130} INFO - confusion matrix for sleep stages on dataset: Alessandro
[2024-10-14 10:54:41,262] {result_logger:134} INFO - 
[[263220  14497  50724]
 [   931  31584    575]
 [ 14737  10958 232308]]
[2024-10-14 10:54:41,460] {result_logger:141} INFO - 
[[ 80.14%   4.41%  15.44%]
 [  2.81%  95.45%   1.74%]
 [  5.71%   4.25%  90.04%]]
[2024-10-14 10:54:41,710] {result_logger:145} INFO - 
[[ 94.38%  25.42%  17.89%]
 [  0.33%  55.37%   0.20%]
 [  5.28%  19.21%  81.91%]]
[2024-10-14 10:54:42,924] {result_logger:74} INFO - transformation matrix for sleep stages on dataset: Alessandro
[2024-10-14 10:54:42,925] {result_logger:77} INFO - actual:
[2024-10-14 10:54:42,925] {result_logger:78} INFO - 
[[97.16%  0.01%  2.84%]
 [ 5.62% 93.41%  0.97%]
 [ 2.90%  0.84% 96.27%]]
[2024-10-14 10:54:42,925] {result_logger:79} INFO - predicted:
[2024-10-14 10:54:42,925] {result_logger:80} INFO - 
[[94.83%  1.48%  3.69%]
 [12.29% 85.36%  2.35%]
 [ 2.61%  1.49% 95.90%]]
[2024-10-14 10:54:44,756] {logger:50} INFO - 
[2024-10-14 10:54:44,756] {logger:51} INFO - ================================================================================
[2024-10-14 10:54:44,756] {logger:52} INFO - finished evaluation
[2024-10-14 10:54:44,756] {logger:53} INFO - ================================================================================
[2024-10-14 10:54:44,756] {logger:54} INFO - 
