[2024-03-29 21:00:20,331] {logger:43} INFO - evaluate_experiment_multiple_labs.py, args: Namespace(excel_path='/home/s202283/code/grieger_validation/results.xlsx', experiment='standard_config_multiple_labs', row='7', save_dir='/home/s202283/code/grieger_validation/results/step3/', test_lab='Kornum')
================================================================================
[2024-03-29 21:00:20,332] {logger:44} INFO - config:
[2024-03-29 21:00:20,332] {logger:45} INFO - parameter name      | parameter value
[2024-03-29 21:00:20,332] {logger:46} INFO - experiment          : standard_config_multiple_labs
[2024-03-29 21:00:20,332] {logger:46} INFO - RUN_NAME            : standard_config_multiple_labs_2024-03-29_21-00-20
[2024-03-29 21:00:20,332] {logger:46} INFO - DEVICE              : cuda
[2024-03-29 21:00:20,332] {logger:46} INFO - EXPERIMENT_DIR      : /home/s202283/code/grieger_validation/results/step3/Kornum
[2024-03-29 21:00:20,332] {logger:46} INFO - MODELS_DIR          : /home/s202283/code/grieger_validation/results/step3/Kornum/models
[2024-03-29 21:00:20,332] {logger:46} INFO - VISUALS_DIR         : /home/s202283/code/grieger_validation/results/step3/Kornum/visuals/standard_config_multiple_labs_2024-03-29_21-00-20
[2024-03-29 21:00:20,332] {logger:46} INFO - DATA_DIR            : /scratch/s202283/data/grieger_validation
[2024-03-29 21:00:20,332] {logger:46} INFO - SAMPLE_DURATION     : 4
[2024-03-29 21:00:20,332] {logger:46} INFO - SAMPLING_RATE       : 64
[2024-03-29 21:00:20,332] {logger:46} INFO - ORIGINAL_FS         : {'Alessandro': 128, 'Antoine': 512, 'Kornum': 400}
[2024-03-29 21:00:20,332] {logger:46} INFO - DATA_FILE           : /home/s202283/code/grieger_validation/cache/dataset/multiple_labs.h5
[2024-03-29 21:00:20,332] {logger:46} INFO - STAGES              : ['Wake', 'Non REM', 'REM']
[2024-03-29 21:00:20,332] {logger:46} INFO - CHANNELS_IN_MODEL   : ['EEG1']
[2024-03-29 21:00:20,332] {logger:46} INFO - CHANNELS_IN_TABLE   : ['EEG1', 'EEG2', 'EEG3', 'EEG4', 'EMG']
[2024-03-29 21:00:20,332] {logger:46} INFO - LABS_CHANNELS       : {'Alessandro': {'EEG1': 0, 'EMG': 1}, 'Antoine': {'EEG1': 0, 'EEG2': 1, 'EEG3': 2, 'EEG4': 3, 'EMG': 4}, 'Maiken': {'EEG1': 0, 'EMG': 1}, 'Kornum': {'EEG1': 0, 'EEG2': 1, 'EMG': 2}, 'Sebastian': {'EEG1': 1, 'EEG2': 2, 'EMG': 0}}
[2024-03-29 21:00:20,332] {logger:46} INFO - SAMPLES_LEFT        : 3.25
[2024-03-29 21:00:20,332] {logger:46} INFO - SAMPLES_RIGHT       : 3.25
[2024-03-29 21:00:20,332] {logger:46} INFO - LABS                : ['Antoine', 'Kornum', 'Alessandro', 'Sebastian', 'Maiken']
[2024-03-29 21:00:20,333] {logger:46} INFO - ORIGINAL_DATASET_SIZE: 366122
[2024-03-29 21:00:20,333] {logger:46} INFO - VALIDATION_SPLIT    : 0.2
[2024-03-29 21:00:20,333] {logger:46} INFO - LOG_INTERVAL        : 10
[2024-03-29 21:00:20,333] {logger:46} INFO - EXTRA_SAFE_MODELS   : False
[2024-03-29 21:00:20,333] {logger:46} INFO - BATCH_SIZE          : 256
[2024-03-29 21:00:20,333] {logger:46} INFO - DATA_FRACTION       : True
[2024-03-29 21:00:20,333] {logger:46} INFO - EPOCHS              : 50
[2024-03-29 21:00:20,333] {logger:46} INFO - WARMUP_EPOCHS       : 12
[2024-03-29 21:00:20,333] {logger:46} INFO - S_OPTIM_MODE        : exp
[2024-03-29 21:00:20,333] {logger:46} INFO - S_OPTIM_PARAS       : [0.06]
[2024-03-29 21:00:20,333] {logger:46} INFO - LEARNING_RATE       : 0.000256
[2024-03-29 21:00:20,333] {logger:46} INFO - OPTIMIZER           : <class 'torch.optim.adam.Adam'>
[2024-03-29 21:00:20,333] {logger:46} INFO - OPTIM_PARAS         : {}
[2024-03-29 21:00:20,333] {logger:46} INFO - L1_WEIGHT_DECAY     : 0
[2024-03-29 21:00:20,333] {logger:46} INFO - L2_WEIGHT_DECAY     : 0.0001
[2024-03-29 21:00:20,333] {logger:46} INFO - BATCH_SIZE_EVAL     : 512
[2024-03-29 21:00:20,333] {logger:46} INFO - FILTERS             : 96
[2024-03-29 21:00:20,333] {logger:46} INFO - CLASSIFIER_DROPOUT  : [0.2, 0.2]
[2024-03-29 21:00:20,333] {logger:46} INFO - FEATURE_EXTR_DROPOUT: [0.0, 0.2, 0.0, 0.2, 0.0, 0.2, 0.0, 0.2]
[2024-03-29 21:00:20,333] {logger:46} INFO - MODEL_NAME          : model_8conv_2fc
[2024-03-29 21:00:20,333] {logger:50} INFO - 
[2024-03-29 21:00:20,333] {logger:51} INFO - ================================================================================
[2024-03-29 21:00:20,333] {logger:52} INFO - evaluate best model of experiment standard_config_multiple_labs on dataset Kornum
[2024-03-29 21:00:20,333] {logger:53} INFO - ================================================================================
[2024-03-29 21:00:20,333] {logger:54} INFO - 
[2024-03-29 21:00:20,334] {logger:50} INFO - 
[2024-03-29 21:00:20,334] {logger:51} INFO - ================================================================================
[2024-03-29 21:00:20,334] {logger:52} INFO - start evaluation
[2024-03-29 21:00:20,334] {logger:53} INFO - ================================================================================
[2024-03-29 21:00:20,334] {logger:54} INFO - 
[2024-03-29 21:02:37,681] {dataloader:174} INFO - data distribution in database for dataset test:
	Kornum              : {'Wake': 486068, 'Non REM': 343734, 'REM': 55602}
[2024-03-29 21:02:37,717] {dataloader:202} INFO - data distribution after processing:
	Kornum              : {'Wake': 486068, 'Non REM': 343734, 'REM': 55602}
[2024-03-29 21:02:38,894] {evaluate_experiment_multiple_labs:55} INFO - loaded model:
Model(
  (feature_extractor): Sequential(
    (0): BatchNorm1d(1, eps=1e-05, momentum=0.1, affine=True, track_running_stats=True)
    (1): Conv1d(1, 96, kernel_size=(5,), stride=(1,))
    (2): ReLU(inplace=True)
    (3): BatchNorm1d(96, eps=1e-05, momentum=0.1, affine=True, track_running_stats=True)
    (4): Dropout(p=0.0, inplace=False)
    (5): Conv1d(96, 96, kernel_size=(5,), stride=(2,))
    (6): ReLU(inplace=True)
    (7): BatchNorm1d(96, eps=1e-05, momentum=0.1, affine=True, track_running_stats=True)
    (8): Dropout(p=0.2, inplace=False)
    (9): Conv1d(96, 96, kernel_size=(5,), stride=(1,))
    (10): ReLU(inplace=True)
    (11): BatchNorm1d(96, eps=1e-05, momentum=0.1, affine=True, track_running_stats=True)
    (12): Dropout(p=0.0, inplace=False)
    (13): Conv1d(96, 96, kernel_size=(5,), stride=(2,))
    (14): ReLU(inplace=True)
    (15): BatchNorm1d(96, eps=1e-05, momentum=0.1, affine=True, track_running_stats=True)
    (16): Dropout(p=0.2, inplace=False)
    (17): Conv1d(96, 96, kernel_size=(5,), stride=(1,))
    (18): ReLU(inplace=True)
    (19): BatchNorm1d(96, eps=1e-05, momentum=0.1, affine=True, track_running_stats=True)
    (20): Dropout(p=0.0, inplace=False)
    (21): Conv1d(96, 96, kernel_size=(5,), stride=(2,))
    (22): ReLU(inplace=True)
    (23): BatchNorm1d(96, eps=1e-05, momentum=0.1, affine=True, track_running_stats=True)
    (24): Dropout(p=0.2, inplace=False)
    (25): Conv1d(96, 96, kernel_size=(5,), stride=(1,))
    (26): ReLU(inplace=True)
    (27): BatchNorm1d(96, eps=1e-05, momentum=0.1, affine=True, track_running_stats=True)
    (28): Dropout(p=0.0, inplace=False)
    (29): Conv1d(96, 96, kernel_size=(5,), stride=(2,))
    (30): ReLU(inplace=True)
    (31): BatchNorm1d(96, eps=1e-05, momentum=0.1, affine=True, track_running_stats=True)
    (32): Dropout(p=0.2, inplace=False)
  )
  (classifier): Sequential(
    (0): Dropout(p=0.2, inplace=False)
    (1): Linear(in_features=10848, out_features=80, bias=True)
    (2): ReLU(inplace=True)
    (3): Dropout(p=0.2, inplace=False)
    (4): Linear(in_features=80, out_features=3, bias=True)
  )
)
[2024-03-29 21:04:11,361] {result_logger:97} INFO - scores for sleep stages on dataset: Kornum
[2024-03-29 21:04:12,778] {result_logger:103} INFO - precision on Wake: 0.861
[2024-03-29 21:04:13,696] {result_logger:104} INFO - recall on Wake: 0.836
[2024-03-29 21:04:14,611] {result_logger:107} INFO - F1-score on Wake: 0.848
[2024-03-29 21:04:14,611] {result_logger:108} INFO - 
[2024-03-29 21:04:16,062] {result_logger:103} INFO - precision on Non REM: 0.832
[2024-03-29 21:04:16,975] {result_logger:104} INFO - recall on Non REM: 0.861
[2024-03-29 21:04:17,885] {result_logger:107} INFO - F1-score on Non REM: 0.847
[2024-03-29 21:04:17,885] {result_logger:108} INFO - 
[2024-03-29 21:04:19,264] {result_logger:103} INFO - precision on REM: 0.400
[2024-03-29 21:04:20,132] {result_logger:104} INFO - recall on REM: 0.415
[2024-03-29 21:04:20,995] {result_logger:107} INFO - F1-score on REM: 0.407
[2024-03-29 21:04:20,995] {result_logger:108} INFO - 
[2024-03-29 21:04:21,179] {result_logger:111} INFO - average precision on sleep stages: 0.698
[2024-03-29 21:04:21,361] {result_logger:113} INFO - average recall on sleep stages: 0.704
[2024-03-29 21:04:21,546] {result_logger:115} INFO - average F1-score on sleep stages: 0.701
[2024-03-29 21:04:21,551] {evaluate_experiment_multiple_labs:62} INFO - 
[2024-03-29 21:04:21,551] {result_logger:130} INFO - confusion matrix for sleep stages on dataset: Kornum
[2024-03-29 21:04:21,683] {result_logger:134} INFO - 
[[406161  48726  31187]
 [ 44164 296092   3472]
 [ 21655  10880  23067]]
[2024-03-29 21:04:21,916] {result_logger:141} INFO - 
[[ 83.56%  10.02%   6.42%]
 [ 12.85%  86.14%   1.01%]
 [ 38.95%  19.57%  41.49%]]
[2024-03-29 21:04:22,200] {result_logger:145} INFO - 
[[ 86.05%  13.70%  54.03%]
 [  9.36%  83.24%   6.01%]
 [  4.59%   3.06%  39.96%]]
[2024-03-29 21:04:23,893] {result_logger:74} INFO - transformation matrix for sleep stages on dataset: Kornum
[2024-03-29 21:04:23,893] {result_logger:77} INFO - actual:
[2024-03-29 21:04:23,894] {result_logger:78} INFO - 
[[97.06%  2.93%  0.01%]
 [ 3.34% 95.80%  0.86%]
 [ 5.04%  0.38% 94.59%]]
[2024-03-29 21:04:23,894] {result_logger:79} INFO - predicted:
[2024-03-29 21:04:23,894] {result_logger:80} INFO - 
[[85.40% 10.03%  4.57%]
 [12.91% 85.65%  1.44%]
 [39.79%  6.40% 53.81%]]
[2024-03-29 21:04:24,924] {logger:50} INFO - 
[2024-03-29 21:04:24,924] {logger:51} INFO - ================================================================================
[2024-03-29 21:04:24,924] {logger:52} INFO - finished evaluation
[2024-03-29 21:04:24,924] {logger:53} INFO - ================================================================================
[2024-03-29 21:04:24,924] {logger:54} INFO - 
