[2024-10-17 13:03:39,105] {logger:43} INFO - evaluate_experiment_multiple_labs.py, args: Namespace(excel_path='/home/s202283/code/grieger_validation/results_august_new_runs.xlsx', experiment='all_data', row='65', save_dir='/home/s202283/code/grieger_validation/results/step3D_august/', test_lab='Maiken')
================================================================================
[2024-10-17 13:03:39,105] {logger:44} INFO - config:
[2024-10-17 13:03:39,106] {logger:45} INFO - parameter name      | parameter value
[2024-10-17 13:03:39,106] {logger:46} INFO - experiment          : all_data
[2024-10-17 13:03:39,106] {logger:46} INFO - RUN_NAME            : all_data_2024-10-17_13-03-39
[2024-10-17 13:03:39,106] {logger:46} INFO - DEVICE              : cuda
[2024-10-17 13:03:39,106] {logger:46} INFO - EXPERIMENT_DIR      : /home/s202283/code/grieger_validation/results/step3D_august/Maiken
[2024-10-17 13:03:39,106] {logger:46} INFO - MODELS_DIR          : /home/s202283/code/grieger_validation/results/step3D_august/Maiken/models
[2024-10-17 13:03:39,106] {logger:46} INFO - VISUALS_DIR         : /home/s202283/code/grieger_validation/results/step3D_august/Maiken/visuals/all_data_2024-10-17_13-03-39
[2024-10-17 13:03:39,106] {logger:46} INFO - DATA_DIR            : /scratch/s202283/data/grieger_validation
[2024-10-17 13:03:39,106] {logger:46} INFO - SAMPLE_DURATION     : 4
[2024-10-17 13:03:39,106] {logger:46} INFO - SAMPLING_RATE       : 64
[2024-10-17 13:03:39,106] {logger:46} INFO - ORIGINAL_FS         : {'Alessandro': 128, 'Antoine': 512, 'Kornum': 400}
[2024-10-17 13:03:39,106] {logger:46} INFO - DATA_FILE           : /home/s202283/code/grieger_validation/cache/dataset/multiple_labs.h5
[2024-10-17 13:03:39,106] {logger:46} INFO - STAGES              : ['Wake', 'REM', 'Non REM']
[2024-10-17 13:03:39,106] {logger:46} INFO - CHANNELS_IN_MODEL   : ['EEG1']
[2024-10-17 13:03:39,106] {logger:46} INFO - CHANNELS_IN_TABLE   : ['EEG1', 'EEG2', 'EEG3', 'EEG4', 'EMG']
[2024-10-17 13:03:39,106] {logger:46} INFO - LABS_CHANNELS       : {'Alessandro': {'EEG1': 0, 'EMG': 1}, 'Antoine': {'EEG1': 0, 'EEG2': 1, 'EEG3': 2, 'EEG4': 3, 'EMG': 4}, 'Maiken': {'EEG1': 0, 'EMG': 1}, 'Kornum': {'EEG1': 0, 'EEG2': 1, 'EMG': 2}, 'Sebastian': {'EEG1': 1, 'EEG2': 2, 'EMG': 0}}
[2024-10-17 13:03:39,106] {logger:46} INFO - SAMPLES_LEFT        : 3.25
[2024-10-17 13:03:39,106] {logger:46} INFO - SAMPLES_RIGHT       : 3.25
[2024-10-17 13:03:39,106] {logger:46} INFO - LABS                : ['Antoine', 'Kornum', 'Alessandro', 'Sebastian', 'Maiken']
[2024-10-17 13:03:39,106] {logger:46} INFO - ORIGINAL_DATASET_SIZE: 366122
[2024-10-17 13:03:39,106] {logger:46} INFO - VALIDATION_SPLIT    : 0.1392
[2024-10-17 13:03:39,106] {logger:46} INFO - LOG_INTERVAL        : 10
[2024-10-17 13:03:39,106] {logger:46} INFO - EXTRA_SAFE_MODELS   : False
[2024-10-17 13:03:39,107] {logger:46} INFO - BATCH_SIZE          : 256
[2024-10-17 13:03:39,107] {logger:46} INFO - DATA_FRACTION       : False
[2024-10-17 13:03:39,107] {logger:46} INFO - EPOCHS              : 50
[2024-10-17 13:03:39,107] {logger:46} INFO - WARMUP_EPOCHS       : 12
[2024-10-17 13:03:39,107] {logger:46} INFO - S_OPTIM_MODE        : exp
[2024-10-17 13:03:39,107] {logger:46} INFO - S_OPTIM_PARAS       : [0.06]
[2024-10-17 13:03:39,107] {logger:46} INFO - LEARNING_RATE       : 0.000256
[2024-10-17 13:03:39,107] {logger:46} INFO - OPTIMIZER           : <class 'torch.optim.adam.Adam'>
[2024-10-17 13:03:39,107] {logger:46} INFO - OPTIM_PARAS         : {}
[2024-10-17 13:03:39,107] {logger:46} INFO - L1_WEIGHT_DECAY     : 0
[2024-10-17 13:03:39,107] {logger:46} INFO - L2_WEIGHT_DECAY     : 0.0001
[2024-10-17 13:03:39,107] {logger:46} INFO - BATCH_SIZE_EVAL     : 512
[2024-10-17 13:03:39,107] {logger:46} INFO - FILTERS             : 96
[2024-10-17 13:03:39,107] {logger:46} INFO - CLASSIFIER_DROPOUT  : [0.2, 0.2]
[2024-10-17 13:03:39,107] {logger:46} INFO - FEATURE_EXTR_DROPOUT: [0.0, 0.2, 0.0, 0.2, 0.0, 0.2, 0.0, 0.2]
[2024-10-17 13:03:39,107] {logger:46} INFO - MODEL_NAME          : model_8conv_2fc
[2024-10-17 13:03:39,107] {logger:50} INFO - 
[2024-10-17 13:03:39,107] {logger:51} INFO - ================================================================================
[2024-10-17 13:03:39,107] {logger:52} INFO - evaluate best model of experiment all_data on dataset Maiken
[2024-10-17 13:03:39,107] {logger:53} INFO - ================================================================================
[2024-10-17 13:03:39,107] {logger:54} INFO - 
[2024-10-17 13:03:39,107] {logger:50} INFO - 
[2024-10-17 13:03:39,107] {logger:51} INFO - ================================================================================
[2024-10-17 13:03:39,107] {logger:52} INFO - start evaluation
[2024-10-17 13:03:39,108] {logger:53} INFO - ================================================================================
[2024-10-17 13:03:39,108] {logger:54} INFO - 
[2024-10-17 13:05:47,422] {dataloader:161} INFO - data distribution in database for dataset test:
	Maiken              : {'Wake': 20986, 'REM': 5432, 'Non REM': 48128}
[2024-10-17 13:05:47,427] {dataloader:189} INFO - data distribution after processing:
	Maiken              : {'Wake': 20986, 'REM': 5432, 'Non REM': 48128}
[2024-10-17 13:05:48,599] {evaluate_experiment_multiple_labs:56} INFO - loaded model:
Model(
  (feature_extractor): Sequential(
    (0): BatchNorm1d(1, eps=1e-05, momentum=0.1, affine=True, track_running_stats=True)
    (1): Conv1d(1, 96, kernel_size=(5,), stride=(1,))
    (2): ReLU(inplace=True)
    (3): BatchNorm1d(96, eps=1e-05, momentum=0.1, affine=True, track_running_stats=True)
    (4): Dropout(p=0.0, inplace=False)
    (5): Conv1d(96, 96, kernel_size=(5,), stride=(2,))
    (6): ReLU(inplace=True)
    (7): BatchNorm1d(96, eps=1e-05, momentum=0.1, affine=True, track_running_stats=True)
    (8): Dropout(p=0.2, inplace=False)
    (9): Conv1d(96, 96, kernel_size=(5,), stride=(1,))
    (10): ReLU(inplace=True)
    (11): BatchNorm1d(96, eps=1e-05, momentum=0.1, affine=True, track_running_stats=True)
    (12): Dropout(p=0.0, inplace=False)
    (13): Conv1d(96, 96, kernel_size=(5,), stride=(2,))
    (14): ReLU(inplace=True)
    (15): BatchNorm1d(96, eps=1e-05, momentum=0.1, affine=True, track_running_stats=True)
    (16): Dropout(p=0.2, inplace=False)
    (17): Conv1d(96, 96, kernel_size=(5,), stride=(1,))
    (18): ReLU(inplace=True)
    (19): BatchNorm1d(96, eps=1e-05, momentum=0.1, affine=True, track_running_stats=True)
    (20): Dropout(p=0.0, inplace=False)
    (21): Conv1d(96, 96, kernel_size=(5,), stride=(2,))
    (22): ReLU(inplace=True)
    (23): BatchNorm1d(96, eps=1e-05, momentum=0.1, affine=True, track_running_stats=True)
    (24): Dropout(p=0.2, inplace=False)
    (25): Conv1d(96, 96, kernel_size=(5,), stride=(1,))
    (26): ReLU(inplace=True)
    (27): BatchNorm1d(96, eps=1e-05, momentum=0.1, affine=True, track_running_stats=True)
    (28): Dropout(p=0.0, inplace=False)
    (29): Conv1d(96, 96, kernel_size=(5,), stride=(2,))
    (30): ReLU(inplace=True)
    (31): BatchNorm1d(96, eps=1e-05, momentum=0.1, affine=True, track_running_stats=True)
    (32): Dropout(p=0.2, inplace=False)
  )
  (classifier): Sequential(
    (0): Dropout(p=0.2, inplace=False)
    (1): Linear(in_features=10848, out_features=80, bias=True)
    (2): ReLU(inplace=True)
    (3): Dropout(p=0.2, inplace=False)
    (4): Linear(in_features=80, out_features=3, bias=True)
  )
)
[2024-10-17 13:05:57,716] {result_logger:97} INFO - scores for sleep stages on dataset: Maiken
[2024-10-17 13:05:57,854] {result_logger:103} INFO - precision on Wake: 0.806
[2024-10-17 13:05:57,937] {result_logger:104} INFO - recall on Wake: 0.682
[2024-10-17 13:05:58,021] {result_logger:107} INFO - F1-score on Wake: 0.739
[2024-10-17 13:05:58,021] {result_logger:108} INFO - 
[2024-10-17 13:05:58,154] {result_logger:103} INFO - precision on REM: 0.556
[2024-10-17 13:05:58,234] {result_logger:104} INFO - recall on REM: 0.831
[2024-10-17 13:05:58,316] {result_logger:107} INFO - F1-score on REM: 0.666
[2024-10-17 13:05:58,316] {result_logger:108} INFO - 
[2024-10-17 13:05:58,449] {result_logger:103} INFO - precision on Non REM: 0.919
[2024-10-17 13:05:58,533] {result_logger:104} INFO - recall on Non REM: 0.929
[2024-10-17 13:05:58,617] {result_logger:107} INFO - F1-score on Non REM: 0.924
[2024-10-17 13:05:58,618] {result_logger:108} INFO - 
[2024-10-17 13:05:58,634] {result_logger:111} INFO - average precision on sleep stages: 0.760
[2024-10-17 13:05:58,650] {result_logger:113} INFO - average recall on sleep stages: 0.814
[2024-10-17 13:05:58,667] {result_logger:115} INFO - average F1-score on sleep stages: 0.776
[2024-10-17 13:05:58,667] {evaluate_experiment_multiple_labs:63} INFO - 
[2024-10-17 13:05:58,667] {result_logger:130} INFO - confusion matrix for sleep stages on dataset: Maiken
[2024-10-17 13:05:58,679] {result_logger:134} INFO - 
[[14311  3114  3558]
 [  514  4514   402]
 [ 2939   495 44699]]
[2024-10-17 13:05:58,822] {result_logger:141} INFO - 
[[ 68.20%  14.84%  16.96%]
 [  9.47%  83.13%   7.40%]
 [  6.11%   1.03%  92.87%]]
[2024-10-17 13:05:59,018] {result_logger:145} INFO - 
[[ 80.56%  38.34%   7.31%]
 [  2.89%  55.57%   0.83%]
 [ 16.54%   6.09%  91.86%]]
[2024-10-17 13:05:59,361] {result_logger:74} INFO - transformation matrix for sleep stages on dataset: Maiken
[2024-10-17 13:05:59,361] {result_logger:77} INFO - actual:
[2024-10-17 13:05:59,361] {result_logger:78} INFO - 
[[93.71%  0.02%  6.27%]
 [ 4.24% 95.47%  0.29%]
 [ 2.26%  0.50% 97.23%]]
[2024-10-17 13:05:59,361] {result_logger:79} INFO - predicted:
[2024-10-17 13:05:59,362] {result_logger:80} INFO - 
[[85.61%  2.87% 11.52%]
 [ 9.66% 87.16%  3.18%]
 [ 3.64%  1.10% 95.27%]]
[2024-10-17 13:05:59,726] {logger:50} INFO - 
[2024-10-17 13:05:59,726] {logger:51} INFO - ================================================================================
[2024-10-17 13:05:59,726] {logger:52} INFO - finished evaluation
[2024-10-17 13:05:59,726] {logger:53} INFO - ================================================================================
[2024-10-17 13:05:59,726] {logger:54} INFO - 
