[2024-04-21 22:17:03,075] {logger:43} INFO - evaluate_experiment_multiple_labs.py, args: Namespace(excel_path='/home/s202283/code/grieger_validation/results.xlsx', experiment='all_data', row='9', save_dir='/home/s202283/code/grieger_validation/results/step2b/', test_lab='Alessandro')
================================================================================
[2024-04-21 22:17:03,075] {logger:44} INFO - config:
[2024-04-21 22:17:03,075] {logger:45} INFO - parameter name      | parameter value
[2024-04-21 22:17:03,075] {logger:46} INFO - experiment          : all_data
[2024-04-21 22:17:03,075] {logger:46} INFO - RUN_NAME            : all_data_2024-04-21_22-17-03
[2024-04-21 22:17:03,075] {logger:46} INFO - DEVICE              : cuda
[2024-04-21 22:17:03,075] {logger:46} INFO - EXPERIMENT_DIR      : /home/s202283/code/grieger_validation/results/step2b/Alessandro
[2024-04-21 22:17:03,075] {logger:46} INFO - MODELS_DIR          : /home/s202283/code/grieger_validation/results/step2b/Alessandro/models
[2024-04-21 22:17:03,075] {logger:46} INFO - VISUALS_DIR         : /home/s202283/code/grieger_validation/results/step2b/Alessandro/visuals/all_data_2024-04-21_22-17-03
[2024-04-21 22:17:03,076] {logger:46} INFO - DATA_DIR            : /scratch/s202283/data/grieger_validation
[2024-04-21 22:17:03,076] {logger:46} INFO - SAMPLE_DURATION     : 4
[2024-04-21 22:17:03,076] {logger:46} INFO - SAMPLING_RATE       : 64
[2024-04-21 22:17:03,076] {logger:46} INFO - ORIGINAL_FS         : {'Alessandro': 128, 'Antoine': 512, 'Kornum': 400}
[2024-04-21 22:17:03,076] {logger:46} INFO - DATA_FILE           : /home/s202283/code/grieger_validation/cache/dataset/multiple_labs.h5
[2024-04-21 22:17:03,076] {logger:46} INFO - STAGES              : ['Wake', 'Non REM', 'REM']
[2024-04-21 22:17:03,076] {logger:46} INFO - CHANNELS_IN_MODEL   : ['EEG1']
[2024-04-21 22:17:03,076] {logger:46} INFO - CHANNELS_IN_TABLE   : ['EEG1', 'EEG2', 'EEG3', 'EEG4', 'EMG']
[2024-04-21 22:17:03,076] {logger:46} INFO - LABS_CHANNELS       : {'Alessandro': {'EEG1': 0, 'EMG': 1}, 'Antoine': {'EEG1': 0, 'EEG2': 1, 'EEG3': 2, 'EEG4': 3, 'EMG': 4}, 'Maiken': {'EEG1': 0, 'EMG': 1}, 'Kornum': {'EEG1': 0, 'EEG2': 1, 'EMG': 2}, 'Sebastian': {'EEG1': 1, 'EEG2': 2, 'EMG': 0}}
[2024-04-21 22:17:03,076] {logger:46} INFO - SAMPLES_LEFT        : 3.25
[2024-04-21 22:17:03,076] {logger:46} INFO - SAMPLES_RIGHT       : 3.25
[2024-04-21 22:17:03,076] {logger:46} INFO - LABS                : ['Antoine', 'Kornum', 'Alessandro', 'Sebastian', 'Maiken']
[2024-04-21 22:17:03,076] {logger:46} INFO - ORIGINAL_DATASET_SIZE: 366122
[2024-04-21 22:17:03,076] {logger:46} INFO - VALIDATION_SPLIT    : 0.2
[2024-04-21 22:17:03,076] {logger:46} INFO - LOG_INTERVAL        : 10
[2024-04-21 22:17:03,076] {logger:46} INFO - EXTRA_SAFE_MODELS   : False
[2024-04-21 22:17:03,076] {logger:46} INFO - BATCH_SIZE          : 256
[2024-04-21 22:17:03,076] {logger:46} INFO - DATA_FRACTION       : False
[2024-04-21 22:17:03,076] {logger:46} INFO - EPOCHS              : 50
[2024-04-21 22:17:03,076] {logger:46} INFO - WARMUP_EPOCHS       : 12
[2024-04-21 22:17:03,076] {logger:46} INFO - S_OPTIM_MODE        : exp
[2024-04-21 22:17:03,076] {logger:46} INFO - S_OPTIM_PARAS       : [0.06]
[2024-04-21 22:17:03,076] {logger:46} INFO - LEARNING_RATE       : 0.000256
[2024-04-21 22:17:03,076] {logger:46} INFO - OPTIMIZER           : <class 'torch.optim.adam.Adam'>
[2024-04-21 22:17:03,077] {logger:46} INFO - OPTIM_PARAS         : {}
[2024-04-21 22:17:03,077] {logger:46} INFO - L1_WEIGHT_DECAY     : 0
[2024-04-21 22:17:03,077] {logger:46} INFO - L2_WEIGHT_DECAY     : 0.0001
[2024-04-21 22:17:03,077] {logger:46} INFO - BATCH_SIZE_EVAL     : 512
[2024-04-21 22:17:03,077] {logger:46} INFO - FILTERS             : 96
[2024-04-21 22:17:03,077] {logger:46} INFO - CLASSIFIER_DROPOUT  : [0.2, 0.2]
[2024-04-21 22:17:03,077] {logger:46} INFO - FEATURE_EXTR_DROPOUT: [0.0, 0.2, 0.0, 0.2, 0.0, 0.2, 0.0, 0.2]
[2024-04-21 22:17:03,077] {logger:46} INFO - MODEL_NAME          : model_8conv_2fc
[2024-04-21 22:17:03,077] {logger:50} INFO - 
[2024-04-21 22:17:03,077] {logger:51} INFO - ================================================================================
[2024-04-21 22:17:03,077] {logger:52} INFO - evaluate best model of experiment all_data on dataset Alessandro
[2024-04-21 22:17:03,077] {logger:53} INFO - ================================================================================
[2024-04-21 22:17:03,077] {logger:54} INFO - 
[2024-04-21 22:17:03,077] {logger:50} INFO - 
[2024-04-21 22:17:03,077] {logger:51} INFO - ================================================================================
[2024-04-21 22:17:03,077] {logger:52} INFO - start evaluation
[2024-04-21 22:17:03,077] {logger:53} INFO - ================================================================================
[2024-04-21 22:17:03,077] {logger:54} INFO - 
[2024-04-21 22:18:47,237] {dataloader:174} INFO - data distribution in database for dataset test:
	Alessandro          : {'Wake': 328443, 'Non REM': 258000, 'REM': 33091}
[2024-04-21 22:18:47,263] {dataloader:202} INFO - data distribution after processing:
	Alessandro          : {'Wake': 328443, 'Non REM': 258000, 'REM': 33091}
[2024-04-21 22:18:49,812] {evaluate_experiment_multiple_labs:55} INFO - loaded model:
Model(
  (feature_extractor): Sequential(
    (0): BatchNorm1d(1, eps=1e-05, momentum=0.1, affine=True, track_running_stats=True)
    (1): Conv1d(1, 96, kernel_size=(5,), stride=(1,))
    (2): ReLU(inplace=True)
    (3): BatchNorm1d(96, eps=1e-05, momentum=0.1, affine=True, track_running_stats=True)
    (4): Dropout(p=0.0, inplace=False)
    (5): Conv1d(96, 96, kernel_size=(5,), stride=(2,))
    (6): ReLU(inplace=True)
    (7): BatchNorm1d(96, eps=1e-05, momentum=0.1, affine=True, track_running_stats=True)
    (8): Dropout(p=0.2, inplace=False)
    (9): Conv1d(96, 96, kernel_size=(5,), stride=(1,))
    (10): ReLU(inplace=True)
    (11): BatchNorm1d(96, eps=1e-05, momentum=0.1, affine=True, track_running_stats=True)
    (12): Dropout(p=0.0, inplace=False)
    (13): Conv1d(96, 96, kernel_size=(5,), stride=(2,))
    (14): ReLU(inplace=True)
    (15): BatchNorm1d(96, eps=1e-05, momentum=0.1, affine=True, track_running_stats=True)
    (16): Dropout(p=0.2, inplace=False)
    (17): Conv1d(96, 96, kernel_size=(5,), stride=(1,))
    (18): ReLU(inplace=True)
    (19): BatchNorm1d(96, eps=1e-05, momentum=0.1, affine=True, track_running_stats=True)
    (20): Dropout(p=0.0, inplace=False)
    (21): Conv1d(96, 96, kernel_size=(5,), stride=(2,))
    (22): ReLU(inplace=True)
    (23): BatchNorm1d(96, eps=1e-05, momentum=0.1, affine=True, track_running_stats=True)
    (24): Dropout(p=0.2, inplace=False)
    (25): Conv1d(96, 96, kernel_size=(5,), stride=(1,))
    (26): ReLU(inplace=True)
    (27): BatchNorm1d(96, eps=1e-05, momentum=0.1, affine=True, track_running_stats=True)
    (28): Dropout(p=0.0, inplace=False)
    (29): Conv1d(96, 96, kernel_size=(5,), stride=(2,))
    (30): ReLU(inplace=True)
    (31): BatchNorm1d(96, eps=1e-05, momentum=0.1, affine=True, track_running_stats=True)
    (32): Dropout(p=0.2, inplace=False)
  )
  (classifier): Sequential(
    (0): Dropout(p=0.2, inplace=False)
    (1): Linear(in_features=10848, out_features=80, bias=True)
    (2): ReLU(inplace=True)
    (3): Dropout(p=0.2, inplace=False)
    (4): Linear(in_features=80, out_features=3, bias=True)
  )
)
[2024-04-21 22:20:18,338] {result_logger:97} INFO - scores for sleep stages on dataset: Alessandro
[2024-04-21 22:20:19,315] {result_logger:103} INFO - precision on Wake: 0.955
[2024-04-21 22:20:19,928] {result_logger:104} INFO - recall on Wake: 0.571
[2024-04-21 22:20:20,541] {result_logger:107} INFO - F1-score on Wake: 0.714
[2024-04-21 22:20:20,541] {result_logger:108} INFO - 
[2024-04-21 22:20:21,534] {result_logger:103} INFO - precision on Non REM: 0.692
[2024-04-21 22:20:22,148] {result_logger:104} INFO - recall on Non REM: 0.948
[2024-04-21 22:20:22,763] {result_logger:107} INFO - F1-score on Non REM: 0.800
[2024-04-21 22:20:22,763] {result_logger:108} INFO - 
[2024-04-21 22:20:23,714] {result_logger:103} INFO - precision on REM: 0.399
[2024-04-21 22:20:24,320] {result_logger:104} INFO - recall on REM: 0.848
[2024-04-21 22:20:24,925] {result_logger:107} INFO - F1-score on REM: 0.543
[2024-04-21 22:20:24,925] {result_logger:108} INFO - 
[2024-04-21 22:20:25,053] {result_logger:111} INFO - average precision on sleep stages: 0.682
[2024-04-21 22:20:25,182] {result_logger:113} INFO - average recall on sleep stages: 0.789
[2024-04-21 22:20:25,311] {result_logger:115} INFO - average F1-score on sleep stages: 0.686
[2024-04-21 22:20:25,314] {evaluate_experiment_multiple_labs:62} INFO - 
[2024-04-21 22:20:25,315] {result_logger:130} INFO - confusion matrix for sleep stages on dataset: Alessandro
[2024-04-21 22:20:25,408] {result_logger:134} INFO - 
[[187384 105365  35692]
 [  7029 244477   6497]
 [  1747   3291  28052]]
[2024-04-21 22:20:25,606] {result_logger:141} INFO - 
[[ 57.05%  32.08%  10.87%]
 [  2.72%  94.76%   2.52%]
 [  5.28%   9.95%  84.77%]]
[2024-04-21 22:20:25,851] {result_logger:145} INFO - 
[[ 95.53%  29.84%  50.81%]
 [  3.58%  69.23%   9.25%]
 [  0.89%   0.93%  39.94%]]
[2024-04-21 22:20:27,091] {result_logger:74} INFO - transformation matrix for sleep stages on dataset: Alessandro
[2024-04-21 22:20:27,091] {result_logger:77} INFO - actual:
[2024-04-21 22:20:27,091] {result_logger:78} INFO - 
[[97.16%  2.84%  0.01%]
 [ 2.90% 96.27%  0.84%]
 [ 5.62%  0.97% 93.41%]]
[2024-04-21 22:20:27,091] {result_logger:79} INFO - predicted:
[2024-04-21 22:20:27,091] {result_logger:80} INFO - 
[[86.24%  9.95%  3.81%]
 [ 5.05% 91.86%  3.10%]
 [13.07% 13.13% 73.80%]]
[2024-04-21 22:20:27,801] {logger:50} INFO - 
[2024-04-21 22:20:27,801] {logger:51} INFO - ================================================================================
[2024-04-21 22:20:27,801] {logger:52} INFO - finished evaluation
[2024-04-21 22:20:27,801] {logger:53} INFO - ================================================================================
[2024-04-21 22:20:27,801] {logger:54} INFO - 
