[2024-08-12 15:46:59,970] {logger:43} INFO - evaluate_experiment_multiple_labs.py, args: Namespace(excel_path='/home/s202283/code/grieger_validation/results_template.xlsx', experiment='all_data', row='6', save_dir='/home/s202283/code/grieger_validation/results/step3_august/', test_lab='Kornum')
================================================================================
[2024-08-12 15:46:59,970] {logger:44} INFO - config:
[2024-08-12 15:46:59,970] {logger:45} INFO - parameter name      | parameter value
[2024-08-12 15:46:59,970] {logger:46} INFO - experiment          : all_data
[2024-08-12 15:46:59,970] {logger:46} INFO - RUN_NAME            : all_data_2024-08-12_15-46-59
[2024-08-12 15:46:59,970] {logger:46} INFO - DEVICE              : cuda
[2024-08-12 15:46:59,970] {logger:46} INFO - EXPERIMENT_DIR      : /home/s202283/code/grieger_validation/results/step3_august/Kornum
[2024-08-12 15:46:59,970] {logger:46} INFO - MODELS_DIR          : /home/s202283/code/grieger_validation/results/step3_august/Kornum/models
[2024-08-12 15:46:59,970] {logger:46} INFO - VISUALS_DIR         : /home/s202283/code/grieger_validation/results/step3_august/Kornum/visuals/all_data_2024-08-12_15-46-59
[2024-08-12 15:46:59,970] {logger:46} INFO - DATA_DIR            : /scratch/s202283/data/grieger_validation
[2024-08-12 15:46:59,970] {logger:46} INFO - SAMPLE_DURATION     : 4
[2024-08-12 15:46:59,970] {logger:46} INFO - SAMPLING_RATE       : 64
[2024-08-12 15:46:59,970] {logger:46} INFO - ORIGINAL_FS         : {'Alessandro': 128, 'Antoine': 512, 'Kornum': 400}
[2024-08-12 15:46:59,971] {logger:46} INFO - DATA_FILE           : /home/s202283/code/grieger_validation/cache/dataset/multiple_labs.h5
[2024-08-12 15:46:59,971] {logger:46} INFO - STAGES              : ['Wake', 'REM', 'Non REM']
[2024-08-12 15:46:59,971] {logger:46} INFO - CHANNELS_IN_MODEL   : ['EEG1']
[2024-08-12 15:46:59,971] {logger:46} INFO - CHANNELS_IN_TABLE   : ['EEG1', 'EEG2', 'EEG3', 'EEG4', 'EMG']
[2024-08-12 15:46:59,971] {logger:46} INFO - LABS_CHANNELS       : {'Alessandro': {'EEG1': 0, 'EMG': 1}, 'Antoine': {'EEG1': 0, 'EEG2': 1, 'EEG3': 2, 'EEG4': 3, 'EMG': 4}, 'Maiken': {'EEG1': 0, 'EMG': 1}, 'Kornum': {'EEG1': 0, 'EEG2': 1, 'EMG': 2}, 'Sebastian': {'EEG1': 1, 'EEG2': 2, 'EMG': 0}}
[2024-08-12 15:46:59,971] {logger:46} INFO - SAMPLES_LEFT        : 3.25
[2024-08-12 15:46:59,971] {logger:46} INFO - SAMPLES_RIGHT       : 3.25
[2024-08-12 15:46:59,971] {logger:46} INFO - LABS                : ['Antoine', 'Kornum', 'Alessandro', 'Sebastian', 'Maiken']
[2024-08-12 15:46:59,971] {logger:46} INFO - ORIGINAL_DATASET_SIZE: 366122
[2024-08-12 15:46:59,971] {logger:46} INFO - VALIDATION_SPLIT    : 0.1392
[2024-08-12 15:46:59,971] {logger:46} INFO - LOG_INTERVAL        : 10
[2024-08-12 15:46:59,971] {logger:46} INFO - EXTRA_SAFE_MODELS   : False
[2024-08-12 15:46:59,971] {logger:46} INFO - BATCH_SIZE          : 256
[2024-08-12 15:46:59,971] {logger:46} INFO - DATA_FRACTION       : False
[2024-08-12 15:46:59,971] {logger:46} INFO - EPOCHS              : 50
[2024-08-12 15:46:59,971] {logger:46} INFO - WARMUP_EPOCHS       : 12
[2024-08-12 15:46:59,971] {logger:46} INFO - S_OPTIM_MODE        : exp
[2024-08-12 15:46:59,971] {logger:46} INFO - S_OPTIM_PARAS       : [0.06]
[2024-08-12 15:46:59,971] {logger:46} INFO - LEARNING_RATE       : 0.000256
[2024-08-12 15:46:59,971] {logger:46} INFO - OPTIMIZER           : <class 'torch.optim.adam.Adam'>
[2024-08-12 15:46:59,972] {logger:46} INFO - OPTIM_PARAS         : {}
[2024-08-12 15:46:59,972] {logger:46} INFO - L1_WEIGHT_DECAY     : 0
[2024-08-12 15:46:59,972] {logger:46} INFO - L2_WEIGHT_DECAY     : 0.0001
[2024-08-12 15:46:59,972] {logger:46} INFO - BATCH_SIZE_EVAL     : 512
[2024-08-12 15:46:59,972] {logger:46} INFO - FILTERS             : 96
[2024-08-12 15:46:59,972] {logger:46} INFO - CLASSIFIER_DROPOUT  : [0.2, 0.2]
[2024-08-12 15:46:59,972] {logger:46} INFO - FEATURE_EXTR_DROPOUT: [0.0, 0.2, 0.0, 0.2, 0.0, 0.2, 0.0, 0.2]
[2024-08-12 15:46:59,972] {logger:46} INFO - MODEL_NAME          : model_8conv_2fc
[2024-08-12 15:46:59,972] {logger:50} INFO - 
[2024-08-12 15:46:59,972] {logger:51} INFO - ================================================================================
[2024-08-12 15:46:59,972] {logger:52} INFO - evaluate best model of experiment all_data on dataset Kornum
[2024-08-12 15:46:59,972] {logger:53} INFO - ================================================================================
[2024-08-12 15:46:59,972] {logger:54} INFO - 
[2024-08-12 15:46:59,972] {logger:50} INFO - 
[2024-08-12 15:46:59,972] {logger:51} INFO - ================================================================================
[2024-08-12 15:46:59,972] {logger:52} INFO - start evaluation
[2024-08-12 15:46:59,972] {logger:53} INFO - ================================================================================
[2024-08-12 15:46:59,972] {logger:54} INFO - 
[2024-08-12 15:48:40,178] {dataloader:161} INFO - data distribution in database for dataset test:
	Kornum              : {'Wake': 486068, 'REM': 55602, 'Non REM': 343734}
[2024-08-12 15:48:40,222] {dataloader:189} INFO - data distribution after processing:
	Kornum              : {'Wake': 486068, 'REM': 55602, 'Non REM': 343734}
[2024-08-12 15:48:41,788] {evaluate_experiment_multiple_labs:56} INFO - loaded model:
Model(
  (feature_extractor): Sequential(
    (0): BatchNorm1d(1, eps=1e-05, momentum=0.1, affine=True, track_running_stats=True)
    (1): Conv1d(1, 96, kernel_size=(5,), stride=(1,))
    (2): ReLU(inplace=True)
    (3): BatchNorm1d(96, eps=1e-05, momentum=0.1, affine=True, track_running_stats=True)
    (4): Dropout(p=0.0, inplace=False)
    (5): Conv1d(96, 96, kernel_size=(5,), stride=(2,))
    (6): ReLU(inplace=True)
    (7): BatchNorm1d(96, eps=1e-05, momentum=0.1, affine=True, track_running_stats=True)
    (8): Dropout(p=0.2, inplace=False)
    (9): Conv1d(96, 96, kernel_size=(5,), stride=(1,))
    (10): ReLU(inplace=True)
    (11): BatchNorm1d(96, eps=1e-05, momentum=0.1, affine=True, track_running_stats=True)
    (12): Dropout(p=0.0, inplace=False)
    (13): Conv1d(96, 96, kernel_size=(5,), stride=(2,))
    (14): ReLU(inplace=True)
    (15): BatchNorm1d(96, eps=1e-05, momentum=0.1, affine=True, track_running_stats=True)
    (16): Dropout(p=0.2, inplace=False)
    (17): Conv1d(96, 96, kernel_size=(5,), stride=(1,))
    (18): ReLU(inplace=True)
    (19): BatchNorm1d(96, eps=1e-05, momentum=0.1, affine=True, track_running_stats=True)
    (20): Dropout(p=0.0, inplace=False)
    (21): Conv1d(96, 96, kernel_size=(5,), stride=(2,))
    (22): ReLU(inplace=True)
    (23): BatchNorm1d(96, eps=1e-05, momentum=0.1, affine=True, track_running_stats=True)
    (24): Dropout(p=0.2, inplace=False)
    (25): Conv1d(96, 96, kernel_size=(5,), stride=(1,))
    (26): ReLU(inplace=True)
    (27): BatchNorm1d(96, eps=1e-05, momentum=0.1, affine=True, track_running_stats=True)
    (28): Dropout(p=0.0, inplace=False)
    (29): Conv1d(96, 96, kernel_size=(5,), stride=(2,))
    (30): ReLU(inplace=True)
    (31): BatchNorm1d(96, eps=1e-05, momentum=0.1, affine=True, track_running_stats=True)
    (32): Dropout(p=0.2, inplace=False)
  )
  (classifier): Sequential(
    (0): Dropout(p=0.2, inplace=False)
    (1): Linear(in_features=10848, out_features=80, bias=True)
    (2): ReLU(inplace=True)
    (3): Dropout(p=0.2, inplace=False)
    (4): Linear(in_features=80, out_features=3, bias=True)
  )
)
[2024-08-12 15:50:23,164] {result_logger:97} INFO - scores for sleep stages on dataset: Kornum
[2024-08-12 15:50:24,923] {result_logger:103} INFO - precision on Wake: 0.907
[2024-08-12 15:50:26,027] {result_logger:104} INFO - recall on Wake: 0.026
[2024-08-12 15:50:27,132] {result_logger:107} INFO - F1-score on Wake: 0.051
[2024-08-12 15:50:27,132] {result_logger:108} INFO - 
[2024-08-12 15:50:28,996] {result_logger:103} INFO - precision on REM: 0.137
[2024-08-12 15:50:30,148] {result_logger:104} INFO - recall on REM: 0.695
[2024-08-12 15:50:31,308] {result_logger:107} INFO - F1-score on REM: 0.229
[2024-08-12 15:50:31,309] {result_logger:108} INFO - 
[2024-08-12 15:50:33,120] {result_logger:103} INFO - precision on Non REM: 0.554
[2024-08-12 15:50:34,285] {result_logger:104} INFO - recall on Non REM: 0.948
[2024-08-12 15:50:35,456] {result_logger:107} INFO - F1-score on Non REM: 0.699
[2024-08-12 15:50:35,456] {result_logger:108} INFO - 
[2024-08-12 15:50:35,705] {result_logger:111} INFO - average precision on sleep stages: 0.532
[2024-08-12 15:50:35,952] {result_logger:113} INFO - average recall on sleep stages: 0.557
[2024-08-12 15:50:36,202] {result_logger:115} INFO - average F1-score on sleep stages: 0.326
[2024-08-12 15:50:36,206] {evaluate_experiment_multiple_labs:63} INFO - 
[2024-08-12 15:50:36,206] {result_logger:130} INFO - confusion matrix for sleep stages on dataset: Kornum
[2024-08-12 15:50:36,382] {result_logger:134} INFO - 
[[ 12632 227444 245998]
 [   157  38666  16779]
 [  1143  16600 325985]]
[2024-08-12 15:50:36,692] {result_logger:141} INFO - 
[[  2.60%  46.79%  50.61%]
 [  0.28%  69.54%  30.18%]
 [  0.33%   4.83%  94.84%]]
[2024-08-12 15:50:37,058] {result_logger:145} INFO - 
[[ 90.67%  80.45%  41.78%]
 [  1.13%  13.68%   2.85%]
 [  8.20%   5.87%  55.37%]]
[2024-08-12 15:50:39,252] {result_logger:74} INFO - transformation matrix for sleep stages on dataset: Kornum
[2024-08-12 15:50:39,252] {result_logger:77} INFO - actual:
[2024-08-12 15:50:39,252] {result_logger:78} INFO - 
[[97.06%  0.01%  2.93%]
 [ 5.04% 94.59%  0.38%]
 [ 3.34%  0.86% 95.80%]]
[2024-08-12 15:50:39,252] {result_logger:79} INFO - predicted:
[2024-08-12 15:50:39,253] {result_logger:80} INFO - 
[[36.70% 20.71% 42.59%]
 [ 1.01% 68.89% 30.10%]
 [ 1.01% 14.45% 84.54%]]
[2024-08-12 15:50:42,685] {logger:50} INFO - 
[2024-08-12 15:50:42,685] {logger:51} INFO - ================================================================================
[2024-08-12 15:50:42,685] {logger:52} INFO - finished evaluation
[2024-08-12 15:50:42,685] {logger:53} INFO - ================================================================================
[2024-08-12 15:50:42,685] {logger:54} INFO - 
