[2024-04-21 22:17:03,075] {logger:43} INFO - evaluate_experiment_multiple_labs.py, args: Namespace(excel_path='/home/s202283/code/grieger_validation/results.xlsx', experiment='all_data', row='15', save_dir='/home/s202283/code/grieger_validation/results/step2b/', test_lab='Maiken')
================================================================================
[2024-04-21 22:17:03,075] {logger:44} INFO - config:
[2024-04-21 22:17:03,075] {logger:45} INFO - parameter name      | parameter value
[2024-04-21 22:17:03,075] {logger:46} INFO - experiment          : all_data
[2024-04-21 22:17:03,075] {logger:46} INFO - RUN_NAME            : all_data_2024-04-21_22-17-03
[2024-04-21 22:17:03,075] {logger:46} INFO - DEVICE              : cuda
[2024-04-21 22:17:03,075] {logger:46} INFO - EXPERIMENT_DIR      : /home/s202283/code/grieger_validation/results/step2b/Maiken
[2024-04-21 22:17:03,075] {logger:46} INFO - MODELS_DIR          : /home/s202283/code/grieger_validation/results/step2b/Maiken/models
[2024-04-21 22:17:03,075] {logger:46} INFO - VISUALS_DIR         : /home/s202283/code/grieger_validation/results/step2b/Maiken/visuals/all_data_2024-04-21_22-17-03
[2024-04-21 22:17:03,075] {logger:46} INFO - DATA_DIR            : /scratch/s202283/data/grieger_validation
[2024-04-21 22:17:03,076] {logger:46} INFO - SAMPLE_DURATION     : 4
[2024-04-21 22:17:03,076] {logger:46} INFO - SAMPLING_RATE       : 64
[2024-04-21 22:17:03,076] {logger:46} INFO - ORIGINAL_FS         : {'Alessandro': 128, 'Antoine': 512, 'Kornum': 400}
[2024-04-21 22:17:03,076] {logger:46} INFO - DATA_FILE           : /home/s202283/code/grieger_validation/cache/dataset/multiple_labs.h5
[2024-04-21 22:17:03,076] {logger:46} INFO - STAGES              : ['Wake', 'Non REM', 'REM']
[2024-04-21 22:17:03,076] {logger:46} INFO - CHANNELS_IN_MODEL   : ['EEG1']
[2024-04-21 22:17:03,076] {logger:46} INFO - CHANNELS_IN_TABLE   : ['EEG1', 'EEG2', 'EEG3', 'EEG4', 'EMG']
[2024-04-21 22:17:03,076] {logger:46} INFO - LABS_CHANNELS       : {'Alessandro': {'EEG1': 0, 'EMG': 1}, 'Antoine': {'EEG1': 0, 'EEG2': 1, 'EEG3': 2, 'EEG4': 3, 'EMG': 4}, 'Maiken': {'EEG1': 0, 'EMG': 1}, 'Kornum': {'EEG1': 0, 'EEG2': 1, 'EMG': 2}, 'Sebastian': {'EEG1': 1, 'EEG2': 2, 'EMG': 0}}
[2024-04-21 22:17:03,076] {logger:46} INFO - SAMPLES_LEFT        : 3.25
[2024-04-21 22:17:03,076] {logger:46} INFO - SAMPLES_RIGHT       : 3.25
[2024-04-21 22:17:03,076] {logger:46} INFO - LABS                : ['Antoine', 'Kornum', 'Alessandro', 'Sebastian', 'Maiken']
[2024-04-21 22:17:03,076] {logger:46} INFO - ORIGINAL_DATASET_SIZE: 366122
[2024-04-21 22:17:03,076] {logger:46} INFO - VALIDATION_SPLIT    : 0.2
[2024-04-21 22:17:03,076] {logger:46} INFO - LOG_INTERVAL        : 10
[2024-04-21 22:17:03,076] {logger:46} INFO - EXTRA_SAFE_MODELS   : False
[2024-04-21 22:17:03,076] {logger:46} INFO - BATCH_SIZE          : 256
[2024-04-21 22:17:03,076] {logger:46} INFO - DATA_FRACTION       : False
[2024-04-21 22:17:03,076] {logger:46} INFO - EPOCHS              : 50
[2024-04-21 22:17:03,076] {logger:46} INFO - WARMUP_EPOCHS       : 12
[2024-04-21 22:17:03,076] {logger:46} INFO - S_OPTIM_MODE        : exp
[2024-04-21 22:17:03,076] {logger:46} INFO - S_OPTIM_PARAS       : [0.06]
[2024-04-21 22:17:03,077] {logger:46} INFO - LEARNING_RATE       : 0.000256
[2024-04-21 22:17:03,077] {logger:46} INFO - OPTIMIZER           : <class 'torch.optim.adam.Adam'>
[2024-04-21 22:17:03,077] {logger:46} INFO - OPTIM_PARAS         : {}
[2024-04-21 22:17:03,077] {logger:46} INFO - L1_WEIGHT_DECAY     : 0
[2024-04-21 22:17:03,077] {logger:46} INFO - L2_WEIGHT_DECAY     : 0.0001
[2024-04-21 22:17:03,077] {logger:46} INFO - BATCH_SIZE_EVAL     : 512
[2024-04-21 22:17:03,077] {logger:46} INFO - FILTERS             : 96
[2024-04-21 22:17:03,077] {logger:46} INFO - CLASSIFIER_DROPOUT  : [0.2, 0.2]
[2024-04-21 22:17:03,077] {logger:46} INFO - FEATURE_EXTR_DROPOUT: [0.0, 0.2, 0.0, 0.2, 0.0, 0.2, 0.0, 0.2]
[2024-04-21 22:17:03,077] {logger:46} INFO - MODEL_NAME          : model_8conv_2fc
[2024-04-21 22:17:03,077] {logger:50} INFO - 
[2024-04-21 22:17:03,077] {logger:51} INFO - ================================================================================
[2024-04-21 22:17:03,077] {logger:52} INFO - evaluate best model of experiment all_data on dataset Maiken
[2024-04-21 22:17:03,077] {logger:53} INFO - ================================================================================
[2024-04-21 22:17:03,077] {logger:54} INFO - 
[2024-04-21 22:17:03,077] {logger:50} INFO - 
[2024-04-21 22:17:03,077] {logger:51} INFO - ================================================================================
[2024-04-21 22:17:03,077] {logger:52} INFO - start evaluation
[2024-04-21 22:17:03,077] {logger:53} INFO - ================================================================================
[2024-04-21 22:17:03,077] {logger:54} INFO - 
[2024-04-21 22:18:46,565] {dataloader:174} INFO - data distribution in database for dataset test:
	Maiken              : {'Wake': 20986, 'Non REM': 48128, 'REM': 5432}
[2024-04-21 22:18:46,569] {dataloader:202} INFO - data distribution after processing:
	Maiken              : {'Wake': 20986, 'Non REM': 48128, 'REM': 5432}
[2024-04-21 22:18:49,874] {evaluate_experiment_multiple_labs:55} INFO - loaded model:
Model(
  (feature_extractor): Sequential(
    (0): BatchNorm1d(1, eps=1e-05, momentum=0.1, affine=True, track_running_stats=True)
    (1): Conv1d(1, 96, kernel_size=(5,), stride=(1,))
    (2): ReLU(inplace=True)
    (3): BatchNorm1d(96, eps=1e-05, momentum=0.1, affine=True, track_running_stats=True)
    (4): Dropout(p=0.0, inplace=False)
    (5): Conv1d(96, 96, kernel_size=(5,), stride=(2,))
    (6): ReLU(inplace=True)
    (7): BatchNorm1d(96, eps=1e-05, momentum=0.1, affine=True, track_running_stats=True)
    (8): Dropout(p=0.2, inplace=False)
    (9): Conv1d(96, 96, kernel_size=(5,), stride=(1,))
    (10): ReLU(inplace=True)
    (11): BatchNorm1d(96, eps=1e-05, momentum=0.1, affine=True, track_running_stats=True)
    (12): Dropout(p=0.0, inplace=False)
    (13): Conv1d(96, 96, kernel_size=(5,), stride=(2,))
    (14): ReLU(inplace=True)
    (15): BatchNorm1d(96, eps=1e-05, momentum=0.1, affine=True, track_running_stats=True)
    (16): Dropout(p=0.2, inplace=False)
    (17): Conv1d(96, 96, kernel_size=(5,), stride=(1,))
    (18): ReLU(inplace=True)
    (19): BatchNorm1d(96, eps=1e-05, momentum=0.1, affine=True, track_running_stats=True)
    (20): Dropout(p=0.0, inplace=False)
    (21): Conv1d(96, 96, kernel_size=(5,), stride=(2,))
    (22): ReLU(inplace=True)
    (23): BatchNorm1d(96, eps=1e-05, momentum=0.1, affine=True, track_running_stats=True)
    (24): Dropout(p=0.2, inplace=False)
    (25): Conv1d(96, 96, kernel_size=(5,), stride=(1,))
    (26): ReLU(inplace=True)
    (27): BatchNorm1d(96, eps=1e-05, momentum=0.1, affine=True, track_running_stats=True)
    (28): Dropout(p=0.0, inplace=False)
    (29): Conv1d(96, 96, kernel_size=(5,), stride=(2,))
    (30): ReLU(inplace=True)
    (31): BatchNorm1d(96, eps=1e-05, momentum=0.1, affine=True, track_running_stats=True)
    (32): Dropout(p=0.2, inplace=False)
  )
  (classifier): Sequential(
    (0): Dropout(p=0.2, inplace=False)
    (1): Linear(in_features=10848, out_features=80, bias=True)
    (2): ReLU(inplace=True)
    (3): Dropout(p=0.2, inplace=False)
    (4): Linear(in_features=80, out_features=3, bias=True)
  )
)
[2024-04-21 22:19:04,457] {result_logger:97} INFO - scores for sleep stages on dataset: Maiken
[2024-04-21 22:19:04,593] {result_logger:103} INFO - precision on Wake: 0.833
[2024-04-21 22:19:04,674] {result_logger:104} INFO - recall on Wake: 0.815
[2024-04-21 22:19:04,754] {result_logger:107} INFO - F1-score on Wake: 0.824
[2024-04-21 22:19:04,754] {result_logger:108} INFO - 
[2024-04-21 22:19:04,883] {result_logger:103} INFO - precision on Non REM: 0.908
[2024-04-21 22:19:04,965] {result_logger:104} INFO - recall on Non REM: 0.953
[2024-04-21 22:19:05,042] {result_logger:107} INFO - F1-score on Non REM: 0.930
[2024-04-21 22:19:05,042] {result_logger:108} INFO - 
[2024-04-21 22:19:05,167] {result_logger:103} INFO - precision on REM: 0.885
[2024-04-21 22:19:05,245] {result_logger:104} INFO - recall on REM: 0.570
[2024-04-21 22:19:05,324] {result_logger:107} INFO - F1-score on REM: 0.694
[2024-04-21 22:19:05,324] {result_logger:108} INFO - 
[2024-04-21 22:19:05,339] {result_logger:111} INFO - average precision on sleep stages: 0.875
[2024-04-21 22:19:05,354] {result_logger:113} INFO - average recall on sleep stages: 0.779
[2024-04-21 22:19:05,369] {result_logger:115} INFO - average F1-score on sleep stages: 0.816
[2024-04-21 22:19:05,370] {evaluate_experiment_multiple_labs:62} INFO - 
[2024-04-21 22:19:05,370] {result_logger:130} INFO - confusion matrix for sleep stages on dataset: Maiken
[2024-04-21 22:19:05,382] {result_logger:134} INFO - 
[[17100  3709   174]
 [ 2037 45868   228]
 [ 1382   951  3097]]
[2024-04-21 22:19:05,626] {result_logger:141} INFO - 
[[ 81.49%  17.68%   0.83%]
 [  4.23%  95.29%   0.47%]
 [ 25.45%  17.51%  57.03%]]
[2024-04-21 22:19:05,828] {result_logger:145} INFO - 
[[ 83.34%   7.34%   4.97%]
 [  9.93%  90.78%   6.52%]
 [  6.74%   1.88%  88.51%]]
[2024-04-21 22:19:06,181] {result_logger:74} INFO - transformation matrix for sleep stages on dataset: Maiken
[2024-04-21 22:19:06,181] {result_logger:77} INFO - actual:
[2024-04-21 22:19:06,181] {result_logger:78} INFO - 
[[93.71%  6.27%  0.02%]
 [ 2.26% 97.23%  0.50%]
 [ 4.24%  0.29% 95.47%]]
[2024-04-21 22:19:06,182] {result_logger:79} INFO - predicted:
[2024-04-21 22:19:06,182] {result_logger:80} INFO - 
[[88.59% 10.33%  1.09%]
 [ 3.89% 95.42%  0.69%]
 [10.75%  5.57% 83.68%]]
[2024-04-21 22:19:06,330] {logger:50} INFO - 
[2024-04-21 22:19:06,330] {logger:51} INFO - ================================================================================
[2024-04-21 22:19:06,330] {logger:52} INFO - finished evaluation
[2024-04-21 22:19:06,331] {logger:53} INFO - ================================================================================
[2024-04-21 22:19:06,331] {logger:54} INFO - 
