[2024-10-18 12:23:29,374] {logger:43} INFO - evaluate_experiment_multiple_labs.py, args: Namespace(excel_path='/home/s202283/code/grieger_validation/results_august_new_runs.xlsx', experiment='all_data', row='15', save_dir='/home/s202283/code/grieger_validation/results/step4E_august/', test_lab='Antoine')
================================================================================
[2024-10-18 12:23:29,374] {logger:44} INFO - config:
[2024-10-18 12:23:29,374] {logger:45} INFO - parameter name      | parameter value
[2024-10-18 12:23:29,374] {logger:46} INFO - experiment          : all_data
[2024-10-18 12:23:29,374] {logger:46} INFO - RUN_NAME            : all_data_2024-10-18_12-23-29
[2024-10-18 12:23:29,374] {logger:46} INFO - DEVICE              : cuda
[2024-10-18 12:23:29,374] {logger:46} INFO - EXPERIMENT_DIR      : /home/s202283/code/grieger_validation/results/step4E_august/Antoine
[2024-10-18 12:23:29,374] {logger:46} INFO - MODELS_DIR          : /home/s202283/code/grieger_validation/results/step4E_august/Antoine/models
[2024-10-18 12:23:29,374] {logger:46} INFO - VISUALS_DIR         : /home/s202283/code/grieger_validation/results/step4E_august/Antoine/visuals/all_data_2024-10-18_12-23-29
[2024-10-18 12:23:29,374] {logger:46} INFO - DATA_DIR            : /scratch/s202283/data/grieger_validation
[2024-10-18 12:23:29,374] {logger:46} INFO - SAMPLE_DURATION     : 4
[2024-10-18 12:23:29,374] {logger:46} INFO - SAMPLING_RATE       : 64
[2024-10-18 12:23:29,374] {logger:46} INFO - ORIGINAL_FS         : {'Alessandro': 128, 'Antoine': 512, 'Kornum': 400}
[2024-10-18 12:23:29,374] {logger:46} INFO - DATA_FILE           : /home/s202283/code/grieger_validation/cache/dataset/multiple_labs.h5
[2024-10-18 12:23:29,374] {logger:46} INFO - STAGES              : ['Wake', 'REM', 'Non REM']
[2024-10-18 12:23:29,374] {logger:46} INFO - CHANNELS_IN_MODEL   : ['EEG1']
[2024-10-18 12:23:29,374] {logger:46} INFO - CHANNELS_IN_TABLE   : ['EEG1', 'EEG2', 'EEG3', 'EEG4', 'EMG']
[2024-10-18 12:23:29,375] {logger:46} INFO - LABS_CHANNELS       : {'Alessandro': {'EEG1': 0, 'EMG': 1}, 'Antoine': {'EEG1': 0, 'EEG2': 1, 'EEG3': 2, 'EEG4': 3, 'EMG': 4}, 'Maiken': {'EEG1': 0, 'EMG': 1}, 'Kornum': {'EEG1': 0, 'EEG2': 1, 'EMG': 2}, 'Sebastian': {'EEG1': 1, 'EEG2': 2, 'EMG': 0}}
[2024-10-18 12:23:29,375] {logger:46} INFO - SAMPLES_LEFT        : 3.25
[2024-10-18 12:23:29,375] {logger:46} INFO - SAMPLES_RIGHT       : 3.25
[2024-10-18 12:23:29,375] {logger:46} INFO - LABS                : ['Antoine', 'Kornum', 'Alessandro', 'Sebastian', 'Maiken']
[2024-10-18 12:23:29,375] {logger:46} INFO - ORIGINAL_DATASET_SIZE: 366122
[2024-10-18 12:23:29,375] {logger:46} INFO - VALIDATION_SPLIT    : 0.1392
[2024-10-18 12:23:29,375] {logger:46} INFO - LOG_INTERVAL        : 10
[2024-10-18 12:23:29,375] {logger:46} INFO - EXTRA_SAFE_MODELS   : False
[2024-10-18 12:23:29,375] {logger:46} INFO - BATCH_SIZE          : 256
[2024-10-18 12:23:29,375] {logger:46} INFO - DATA_FRACTION       : False
[2024-10-18 12:23:29,375] {logger:46} INFO - EPOCHS              : 50
[2024-10-18 12:23:29,375] {logger:46} INFO - WARMUP_EPOCHS       : 12
[2024-10-18 12:23:29,375] {logger:46} INFO - S_OPTIM_MODE        : exp
[2024-10-18 12:23:29,375] {logger:46} INFO - S_OPTIM_PARAS       : [0.06]
[2024-10-18 12:23:29,375] {logger:46} INFO - LEARNING_RATE       : 0.000256
[2024-10-18 12:23:29,375] {logger:46} INFO - OPTIMIZER           : <class 'torch.optim.adam.Adam'>
[2024-10-18 12:23:29,375] {logger:46} INFO - OPTIM_PARAS         : {}
[2024-10-18 12:23:29,375] {logger:46} INFO - L1_WEIGHT_DECAY     : 0
[2024-10-18 12:23:29,375] {logger:46} INFO - L2_WEIGHT_DECAY     : 0.0001
[2024-10-18 12:23:29,375] {logger:46} INFO - BATCH_SIZE_EVAL     : 512
[2024-10-18 12:23:29,375] {logger:46} INFO - FILTERS             : 96
[2024-10-18 12:23:29,375] {logger:46} INFO - CLASSIFIER_DROPOUT  : [0.2, 0.2]
[2024-10-18 12:23:29,375] {logger:46} INFO - FEATURE_EXTR_DROPOUT: [0.0, 0.2, 0.0, 0.2, 0.0, 0.2, 0.0, 0.2]
[2024-10-18 12:23:29,375] {logger:46} INFO - MODEL_NAME          : model_8conv_2fc
[2024-10-18 12:23:29,375] {logger:50} INFO - 
[2024-10-18 12:23:29,375] {logger:51} INFO - ================================================================================
[2024-10-18 12:23:29,375] {logger:52} INFO - evaluate best model of experiment all_data on dataset Antoine
[2024-10-18 12:23:29,375] {logger:53} INFO - ================================================================================
[2024-10-18 12:23:29,375] {logger:54} INFO - 
[2024-10-18 12:23:29,376] {logger:50} INFO - 
[2024-10-18 12:23:29,376] {logger:51} INFO - ================================================================================
[2024-10-18 12:23:29,376] {logger:52} INFO - start evaluation
[2024-10-18 12:23:29,376] {logger:53} INFO - ================================================================================
[2024-10-18 12:23:29,376] {logger:54} INFO - 
[2024-10-18 12:25:47,899] {dataloader:161} INFO - data distribution in database for dataset test:
	Antoine             : {'Wake': 88840, 'REM': 10277, 'Non REM': 85383}
[2024-10-18 12:25:47,906] {dataloader:189} INFO - data distribution after processing:
	Antoine             : {'Wake': 88840, 'REM': 10277, 'Non REM': 85383}
[2024-10-18 12:25:49,021] {evaluate_experiment_multiple_labs:56} INFO - loaded model:
Model(
  (feature_extractor): Sequential(
    (0): BatchNorm1d(1, eps=1e-05, momentum=0.1, affine=True, track_running_stats=True)
    (1): Conv1d(1, 96, kernel_size=(5,), stride=(1,))
    (2): ReLU(inplace=True)
    (3): BatchNorm1d(96, eps=1e-05, momentum=0.1, affine=True, track_running_stats=True)
    (4): Dropout(p=0.0, inplace=False)
    (5): Conv1d(96, 96, kernel_size=(5,), stride=(2,))
    (6): ReLU(inplace=True)
    (7): BatchNorm1d(96, eps=1e-05, momentum=0.1, affine=True, track_running_stats=True)
    (8): Dropout(p=0.2, inplace=False)
    (9): Conv1d(96, 96, kernel_size=(5,), stride=(1,))
    (10): ReLU(inplace=True)
    (11): BatchNorm1d(96, eps=1e-05, momentum=0.1, affine=True, track_running_stats=True)
    (12): Dropout(p=0.0, inplace=False)
    (13): Conv1d(96, 96, kernel_size=(5,), stride=(2,))
    (14): ReLU(inplace=True)
    (15): BatchNorm1d(96, eps=1e-05, momentum=0.1, affine=True, track_running_stats=True)
    (16): Dropout(p=0.2, inplace=False)
    (17): Conv1d(96, 96, kernel_size=(5,), stride=(1,))
    (18): ReLU(inplace=True)
    (19): BatchNorm1d(96, eps=1e-05, momentum=0.1, affine=True, track_running_stats=True)
    (20): Dropout(p=0.0, inplace=False)
    (21): Conv1d(96, 96, kernel_size=(5,), stride=(2,))
    (22): ReLU(inplace=True)
    (23): BatchNorm1d(96, eps=1e-05, momentum=0.1, affine=True, track_running_stats=True)
    (24): Dropout(p=0.2, inplace=False)
    (25): Conv1d(96, 96, kernel_size=(5,), stride=(1,))
    (26): ReLU(inplace=True)
    (27): BatchNorm1d(96, eps=1e-05, momentum=0.1, affine=True, track_running_stats=True)
    (28): Dropout(p=0.0, inplace=False)
    (29): Conv1d(96, 96, kernel_size=(5,), stride=(2,))
    (30): ReLU(inplace=True)
    (31): BatchNorm1d(96, eps=1e-05, momentum=0.1, affine=True, track_running_stats=True)
    (32): Dropout(p=0.2, inplace=False)
  )
  (classifier): Sequential(
    (0): Dropout(p=0.2, inplace=False)
    (1): Linear(in_features=10848, out_features=80, bias=True)
    (2): ReLU(inplace=True)
    (3): Dropout(p=0.2, inplace=False)
    (4): Linear(in_features=80, out_features=3, bias=True)
  )
)
[2024-10-18 12:26:07,067] {result_logger:97} INFO - scores for sleep stages on dataset: Antoine
[2024-10-18 12:26:07,364] {result_logger:103} INFO - precision on Wake: 0.789
[2024-10-18 12:26:07,557] {result_logger:104} INFO - recall on Wake: 0.970
[2024-10-18 12:26:07,750] {result_logger:107} INFO - F1-score on Wake: 0.870
[2024-10-18 12:26:07,750] {result_logger:108} INFO - 
[2024-10-18 12:26:08,064] {result_logger:103} INFO - precision on REM: 0.808
[2024-10-18 12:26:08,253] {result_logger:104} INFO - recall on REM: 0.731
[2024-10-18 12:26:08,443] {result_logger:107} INFO - F1-score on REM: 0.768
[2024-10-18 12:26:08,443] {result_logger:108} INFO - 
[2024-10-18 12:26:08,746] {result_logger:103} INFO - precision on Non REM: 0.953
[2024-10-18 12:26:08,940] {result_logger:104} INFO - recall on Non REM: 0.737
[2024-10-18 12:26:09,132] {result_logger:107} INFO - F1-score on Non REM: 0.831
[2024-10-18 12:26:09,133] {result_logger:108} INFO - 
[2024-10-18 12:26:09,168] {result_logger:111} INFO - average precision on sleep stages: 0.850
[2024-10-18 12:26:09,203] {result_logger:113} INFO - average recall on sleep stages: 0.813
[2024-10-18 12:26:09,237] {result_logger:115} INFO - average F1-score on sleep stages: 0.823
[2024-10-18 12:26:09,238] {evaluate_experiment_multiple_labs:63} INFO - 
[2024-10-18 12:26:09,238] {result_logger:130} INFO - confusion matrix for sleep stages on dataset: Antoine
[2024-10-18 12:26:09,263] {result_logger:134} INFO - 
[[86135   377  2331]
 [ 1975  7515   786]
 [21026  1408 62947]]
[2024-10-18 12:26:09,415] {result_logger:141} INFO - 
[[ 96.95%   0.42%   2.62%]
 [ 19.22%  73.13%   7.65%]
 [ 24.63%   1.65%  73.72%]]
[2024-10-18 12:26:09,585] {result_logger:145} INFO - 
[[ 78.92%   4.05%   3.53%]
 [  1.81%  80.81%   1.19%]
 [ 19.27%  15.14%  95.28%]]
[2024-10-18 12:26:10,077] {result_logger:74} INFO - transformation matrix for sleep stages on dataset: Antoine
[2024-10-18 12:26:10,077] {result_logger:77} INFO - actual:
[2024-10-18 12:26:10,077] {result_logger:78} INFO - 
[[95.96%  0.00%  4.04%]
 [ 5.97% 93.63%  0.41%]
 [ 3.49%  0.77% 95.74%]]
[2024-10-18 12:26:10,077] {result_logger:79} INFO - predicted:
[2024-10-18 12:26:10,078] {result_logger:80} INFO - 
[[91.33%  0.94%  7.73%]
 [18.09% 76.57%  5.34%]
 [11.78%  1.75% 86.48%]]
[2024-10-18 12:26:10,670] {logger:50} INFO - 
[2024-10-18 12:26:10,670] {logger:51} INFO - ================================================================================
[2024-10-18 12:26:10,670] {logger:52} INFO - finished evaluation
[2024-10-18 12:26:10,670] {logger:53} INFO - ================================================================================
[2024-10-18 12:26:10,670] {logger:54} INFO - 
