[2024-03-29 21:00:19,504] {logger:43} INFO - evaluate_experiment_multiple_labs.py, args: Namespace(excel_path='/home/s202283/code/grieger_validation/results.xlsx', experiment='standard_config_multiple_labs', row='4', save_dir='/home/s202283/code/grieger_validation/results/step3/', test_lab='Antoine')
================================================================================
[2024-03-29 21:00:19,504] {logger:44} INFO - config:
[2024-03-29 21:00:19,504] {logger:45} INFO - parameter name      | parameter value
[2024-03-29 21:00:19,504] {logger:46} INFO - experiment          : standard_config_multiple_labs
[2024-03-29 21:00:19,504] {logger:46} INFO - RUN_NAME            : standard_config_multiple_labs_2024-03-29_21-00-19
[2024-03-29 21:00:19,504] {logger:46} INFO - DEVICE              : cuda
[2024-03-29 21:00:19,504] {logger:46} INFO - EXPERIMENT_DIR      : /home/s202283/code/grieger_validation/results/step3/Antoine
[2024-03-29 21:00:19,504] {logger:46} INFO - MODELS_DIR          : /home/s202283/code/grieger_validation/results/step3/Antoine/models
[2024-03-29 21:00:19,504] {logger:46} INFO - VISUALS_DIR         : /home/s202283/code/grieger_validation/results/step3/Antoine/visuals/standard_config_multiple_labs_2024-03-29_21-00-19
[2024-03-29 21:00:19,505] {logger:46} INFO - DATA_DIR            : /scratch/s202283/data/grieger_validation
[2024-03-29 21:00:19,505] {logger:46} INFO - SAMPLE_DURATION     : 4
[2024-03-29 21:00:19,505] {logger:46} INFO - SAMPLING_RATE       : 64
[2024-03-29 21:00:19,505] {logger:46} INFO - ORIGINAL_FS         : {'Alessandro': 128, 'Antoine': 512, 'Kornum': 400}
[2024-03-29 21:00:19,505] {logger:46} INFO - DATA_FILE           : /home/s202283/code/grieger_validation/cache/dataset/multiple_labs.h5
[2024-03-29 21:00:19,505] {logger:46} INFO - STAGES              : ['Wake', 'Non REM', 'REM']
[2024-03-29 21:00:19,505] {logger:46} INFO - CHANNELS_IN_MODEL   : ['EEG1']
[2024-03-29 21:00:19,505] {logger:46} INFO - CHANNELS_IN_TABLE   : ['EEG1', 'EEG2', 'EEG3', 'EEG4', 'EMG']
[2024-03-29 21:00:19,505] {logger:46} INFO - LABS_CHANNELS       : {'Alessandro': {'EEG1': 0, 'EMG': 1}, 'Antoine': {'EEG1': 0, 'EEG2': 1, 'EEG3': 2, 'EEG4': 3, 'EMG': 4}, 'Maiken': {'EEG1': 0, 'EMG': 1}, 'Kornum': {'EEG1': 0, 'EEG2': 1, 'EMG': 2}, 'Sebastian': {'EEG1': 1, 'EEG2': 2, 'EMG': 0}}
[2024-03-29 21:00:19,505] {logger:46} INFO - SAMPLES_LEFT        : 3.25
[2024-03-29 21:00:19,505] {logger:46} INFO - SAMPLES_RIGHT       : 3.25
[2024-03-29 21:00:19,505] {logger:46} INFO - LABS                : ['Antoine', 'Kornum', 'Alessandro', 'Sebastian', 'Maiken']
[2024-03-29 21:00:19,505] {logger:46} INFO - ORIGINAL_DATASET_SIZE: 366122
[2024-03-29 21:00:19,505] {logger:46} INFO - VALIDATION_SPLIT    : 0.2
[2024-03-29 21:00:19,505] {logger:46} INFO - LOG_INTERVAL        : 10
[2024-03-29 21:00:19,505] {logger:46} INFO - EXTRA_SAFE_MODELS   : False
[2024-03-29 21:00:19,505] {logger:46} INFO - BATCH_SIZE          : 256
[2024-03-29 21:00:19,505] {logger:46} INFO - DATA_FRACTION       : True
[2024-03-29 21:00:19,505] {logger:46} INFO - EPOCHS              : 50
[2024-03-29 21:00:19,505] {logger:46} INFO - WARMUP_EPOCHS       : 12
[2024-03-29 21:00:19,505] {logger:46} INFO - S_OPTIM_MODE        : exp
[2024-03-29 21:00:19,505] {logger:46} INFO - S_OPTIM_PARAS       : [0.06]
[2024-03-29 21:00:19,505] {logger:46} INFO - LEARNING_RATE       : 0.000256
[2024-03-29 21:00:19,505] {logger:46} INFO - OPTIMIZER           : <class 'torch.optim.adam.Adam'>
[2024-03-29 21:00:19,505] {logger:46} INFO - OPTIM_PARAS         : {}
[2024-03-29 21:00:19,505] {logger:46} INFO - L1_WEIGHT_DECAY     : 0
[2024-03-29 21:00:19,505] {logger:46} INFO - L2_WEIGHT_DECAY     : 0.0001
[2024-03-29 21:00:19,505] {logger:46} INFO - BATCH_SIZE_EVAL     : 512
[2024-03-29 21:00:19,505] {logger:46} INFO - FILTERS             : 96
[2024-03-29 21:00:19,506] {logger:46} INFO - CLASSIFIER_DROPOUT  : [0.2, 0.2]
[2024-03-29 21:00:19,506] {logger:46} INFO - FEATURE_EXTR_DROPOUT: [0.0, 0.2, 0.0, 0.2, 0.0, 0.2, 0.0, 0.2]
[2024-03-29 21:00:19,506] {logger:46} INFO - MODEL_NAME          : model_8conv_2fc
[2024-03-29 21:00:19,506] {logger:50} INFO - 
[2024-03-29 21:00:19,506] {logger:51} INFO - ================================================================================
[2024-03-29 21:00:19,506] {logger:52} INFO - evaluate best model of experiment standard_config_multiple_labs on dataset Antoine
[2024-03-29 21:00:19,506] {logger:53} INFO - ================================================================================
[2024-03-29 21:00:19,506] {logger:54} INFO - 
[2024-03-29 21:00:19,506] {logger:50} INFO - 
[2024-03-29 21:00:19,506] {logger:51} INFO - ================================================================================
[2024-03-29 21:00:19,506] {logger:52} INFO - start evaluation
[2024-03-29 21:00:19,506] {logger:53} INFO - ================================================================================
[2024-03-29 21:00:19,506] {logger:54} INFO - 
[2024-03-29 21:01:58,913] {dataloader:174} INFO - data distribution in database for dataset test:
	Antoine             : {'Wake': 88840, 'Non REM': 85383, 'REM': 10277}
[2024-03-29 21:01:58,921] {dataloader:202} INFO - data distribution after processing:
	Antoine             : {'Wake': 88840, 'Non REM': 85383, 'REM': 10277}
[2024-03-29 21:01:59,835] {evaluate_experiment_multiple_labs:55} INFO - loaded model:
Model(
  (feature_extractor): Sequential(
    (0): BatchNorm1d(1, eps=1e-05, momentum=0.1, affine=True, track_running_stats=True)
    (1): Conv1d(1, 96, kernel_size=(5,), stride=(1,))
    (2): ReLU(inplace=True)
    (3): BatchNorm1d(96, eps=1e-05, momentum=0.1, affine=True, track_running_stats=True)
    (4): Dropout(p=0.0, inplace=False)
    (5): Conv1d(96, 96, kernel_size=(5,), stride=(2,))
    (6): ReLU(inplace=True)
    (7): BatchNorm1d(96, eps=1e-05, momentum=0.1, affine=True, track_running_stats=True)
    (8): Dropout(p=0.2, inplace=False)
    (9): Conv1d(96, 96, kernel_size=(5,), stride=(1,))
    (10): ReLU(inplace=True)
    (11): BatchNorm1d(96, eps=1e-05, momentum=0.1, affine=True, track_running_stats=True)
    (12): Dropout(p=0.0, inplace=False)
    (13): Conv1d(96, 96, kernel_size=(5,), stride=(2,))
    (14): ReLU(inplace=True)
    (15): BatchNorm1d(96, eps=1e-05, momentum=0.1, affine=True, track_running_stats=True)
    (16): Dropout(p=0.2, inplace=False)
    (17): Conv1d(96, 96, kernel_size=(5,), stride=(1,))
    (18): ReLU(inplace=True)
    (19): BatchNorm1d(96, eps=1e-05, momentum=0.1, affine=True, track_running_stats=True)
    (20): Dropout(p=0.0, inplace=False)
    (21): Conv1d(96, 96, kernel_size=(5,), stride=(2,))
    (22): ReLU(inplace=True)
    (23): BatchNorm1d(96, eps=1e-05, momentum=0.1, affine=True, track_running_stats=True)
    (24): Dropout(p=0.2, inplace=False)
    (25): Conv1d(96, 96, kernel_size=(5,), stride=(1,))
    (26): ReLU(inplace=True)
    (27): BatchNorm1d(96, eps=1e-05, momentum=0.1, affine=True, track_running_stats=True)
    (28): Dropout(p=0.0, inplace=False)
    (29): Conv1d(96, 96, kernel_size=(5,), stride=(2,))
    (30): ReLU(inplace=True)
    (31): BatchNorm1d(96, eps=1e-05, momentum=0.1, affine=True, track_running_stats=True)
    (32): Dropout(p=0.2, inplace=False)
  )
  (classifier): Sequential(
    (0): Dropout(p=0.2, inplace=False)
    (1): Linear(in_features=10848, out_features=80, bias=True)
    (2): ReLU(inplace=True)
    (3): Dropout(p=0.2, inplace=False)
    (4): Linear(in_features=80, out_features=3, bias=True)
  )
)
[2024-03-29 21:02:13,416] {result_logger:97} INFO - scores for sleep stages on dataset: Antoine
[2024-03-29 21:02:13,712] {result_logger:103} INFO - precision on Wake: 0.801
[2024-03-29 21:02:13,896] {result_logger:104} INFO - recall on Wake: 0.963
[2024-03-29 21:02:14,084] {result_logger:107} INFO - F1-score on Wake: 0.875
[2024-03-29 21:02:14,084] {result_logger:108} INFO - 
[2024-03-29 21:02:14,386] {result_logger:103} INFO - precision on Non REM: 0.955
[2024-03-29 21:02:14,571] {result_logger:104} INFO - recall on Non REM: 0.724
[2024-03-29 21:02:14,757] {result_logger:107} INFO - F1-score on Non REM: 0.824
[2024-03-29 21:02:14,757] {result_logger:108} INFO - 
[2024-03-29 21:02:15,054] {result_logger:103} INFO - precision on REM: 0.619
[2024-03-29 21:02:15,238] {result_logger:104} INFO - recall on REM: 0.787
[2024-03-29 21:02:15,416] {result_logger:107} INFO - F1-score on REM: 0.693
[2024-03-29 21:02:15,416] {result_logger:108} INFO - 
[2024-03-29 21:02:15,451] {result_logger:111} INFO - average precision on sleep stages: 0.792
[2024-03-29 21:02:15,486] {result_logger:113} INFO - average recall on sleep stages: 0.824
[2024-03-29 21:02:15,521] {result_logger:115} INFO - average F1-score on sleep stages: 0.797
[2024-03-29 21:02:15,522] {evaluate_experiment_multiple_labs:62} INFO - 
[2024-03-29 21:02:15,522] {result_logger:130} INFO - confusion matrix for sleep stages on dataset: Antoine
[2024-03-29 21:02:15,547] {result_logger:134} INFO - 
[[85539  2523   781]
 [19370 61811  4200]
 [ 1828   364  8084]]
[2024-03-29 21:02:15,667] {result_logger:141} INFO - 
[[ 96.28%   2.84%   0.88%]
 [ 22.69%  72.39%   4.92%]
 [ 17.79%   3.54%  78.67%]]
[2024-03-29 21:02:15,837] {result_logger:145} INFO - 
[[ 80.14%   3.90%   5.98%]
 [ 18.15%  95.54%  32.15%]
 [  1.71%   0.56%  61.88%]]
[2024-03-29 21:02:16,321] {result_logger:74} INFO - transformation matrix for sleep stages on dataset: Antoine
[2024-03-29 21:02:16,322] {result_logger:77} INFO - actual:
[2024-03-29 21:02:16,322] {result_logger:78} INFO - 
[[95.96%  4.04%  0.00%]
 [ 3.49% 95.74%  0.77%]
 [ 5.97%  0.41% 93.63%]]
[2024-03-29 21:02:16,322] {result_logger:79} INFO - predicted:
[2024-03-29 21:02:16,322] {result_logger:80} INFO - 
[[91.54%  7.10%  1.36%]
 [10.25% 86.17%  3.58%]
 [18.34% 10.48% 71.18%]]
[2024-03-29 21:02:16,545] {logger:50} INFO - 
[2024-03-29 21:02:16,545] {logger:51} INFO - ================================================================================
[2024-03-29 21:02:16,545] {logger:52} INFO - finished evaluation
[2024-03-29 21:02:16,545] {logger:53} INFO - ================================================================================
[2024-03-29 21:02:16,545] {logger:54} INFO - 
