[2024-03-29 21:06:03,589] {logger:43} INFO - evaluate_experiment_multiple_labs.py, args: Namespace(excel_path='/home/s202283/code/grieger_validation/results.xlsx', experiment='all_data', row='17', save_dir='/home/s202283/code/grieger_validation/results/step4/', test_lab='Maiken')
================================================================================
[2024-03-29 21:06:03,589] {logger:44} INFO - config:
[2024-03-29 21:06:03,589] {logger:45} INFO - parameter name      | parameter value
[2024-03-29 21:06:03,589] {logger:46} INFO - experiment          : all_data
[2024-03-29 21:06:03,589] {logger:46} INFO - RUN_NAME            : all_data_2024-03-29_21-06-03
[2024-03-29 21:06:03,589] {logger:46} INFO - DEVICE              : cuda
[2024-03-29 21:06:03,589] {logger:46} INFO - EXPERIMENT_DIR      : /home/s202283/code/grieger_validation/results/step4/Maiken
[2024-03-29 21:06:03,589] {logger:46} INFO - MODELS_DIR          : /home/s202283/code/grieger_validation/results/step4/Maiken/models
[2024-03-29 21:06:03,589] {logger:46} INFO - VISUALS_DIR         : /home/s202283/code/grieger_validation/results/step4/Maiken/visuals/all_data_2024-03-29_21-06-03
[2024-03-29 21:06:03,589] {logger:46} INFO - DATA_DIR            : /scratch/s202283/data/grieger_validation
[2024-03-29 21:06:03,589] {logger:46} INFO - SAMPLE_DURATION     : 4
[2024-03-29 21:06:03,589] {logger:46} INFO - SAMPLING_RATE       : 64
[2024-03-29 21:06:03,589] {logger:46} INFO - ORIGINAL_FS         : {'Alessandro': 128, 'Antoine': 512, 'Kornum': 400}
[2024-03-29 21:06:03,589] {logger:46} INFO - DATA_FILE           : /home/s202283/code/grieger_validation/cache/dataset/multiple_labs.h5
[2024-03-29 21:06:03,589] {logger:46} INFO - STAGES              : ['Wake', 'Non REM', 'REM']
[2024-03-29 21:06:03,589] {logger:46} INFO - CHANNELS_IN_MODEL   : ['EEG1']
[2024-03-29 21:06:03,590] {logger:46} INFO - CHANNELS_IN_TABLE   : ['EEG1', 'EEG2', 'EEG3', 'EEG4', 'EMG']
[2024-03-29 21:06:03,590] {logger:46} INFO - LABS_CHANNELS       : {'Alessandro': {'EEG1': 0, 'EMG': 1}, 'Antoine': {'EEG1': 0, 'EEG2': 1, 'EEG3': 2, 'EEG4': 3, 'EMG': 4}, 'Maiken': {'EEG1': 0, 'EMG': 1}, 'Kornum': {'EEG1': 0, 'EEG2': 1, 'EMG': 2}, 'Sebastian': {'EEG1': 1, 'EEG2': 2, 'EMG': 0}}
[2024-03-29 21:06:03,590] {logger:46} INFO - SAMPLES_LEFT        : 3.25
[2024-03-29 21:06:03,590] {logger:46} INFO - SAMPLES_RIGHT       : 3.25
[2024-03-29 21:06:03,590] {logger:46} INFO - LABS                : ['Antoine', 'Kornum', 'Alessandro', 'Sebastian', 'Maiken']
[2024-03-29 21:06:03,590] {logger:46} INFO - ORIGINAL_DATASET_SIZE: 366122
[2024-03-29 21:06:03,590] {logger:46} INFO - VALIDATION_SPLIT    : 0.2
[2024-03-29 21:06:03,590] {logger:46} INFO - LOG_INTERVAL        : 10
[2024-03-29 21:06:03,590] {logger:46} INFO - EXTRA_SAFE_MODELS   : False
[2024-03-29 21:06:03,590] {logger:46} INFO - BATCH_SIZE          : 256
[2024-03-29 21:06:03,590] {logger:46} INFO - DATA_FRACTION       : False
[2024-03-29 21:06:03,590] {logger:46} INFO - EPOCHS              : 50
[2024-03-29 21:06:03,590] {logger:46} INFO - WARMUP_EPOCHS       : 12
[2024-03-29 21:06:03,590] {logger:46} INFO - S_OPTIM_MODE        : exp
[2024-03-29 21:06:03,590] {logger:46} INFO - S_OPTIM_PARAS       : [0.06]
[2024-03-29 21:06:03,590] {logger:46} INFO - LEARNING_RATE       : 0.000256
[2024-03-29 21:06:03,590] {logger:46} INFO - OPTIMIZER           : <class 'torch.optim.adam.Adam'>
[2024-03-29 21:06:03,590] {logger:46} INFO - OPTIM_PARAS         : {}
[2024-03-29 21:06:03,590] {logger:46} INFO - L1_WEIGHT_DECAY     : 0
[2024-03-29 21:06:03,590] {logger:46} INFO - L2_WEIGHT_DECAY     : 0.0001
[2024-03-29 21:06:03,591] {logger:46} INFO - BATCH_SIZE_EVAL     : 512
[2024-03-29 21:06:03,591] {logger:46} INFO - FILTERS             : 96
[2024-03-29 21:06:03,591] {logger:46} INFO - CLASSIFIER_DROPOUT  : [0.2, 0.2]
[2024-03-29 21:06:03,591] {logger:46} INFO - FEATURE_EXTR_DROPOUT: [0.0, 0.2, 0.0, 0.2, 0.0, 0.2, 0.0, 0.2]
[2024-03-29 21:06:03,591] {logger:46} INFO - MODEL_NAME          : model_8conv_2fc
[2024-03-29 21:06:03,591] {logger:50} INFO - 
[2024-03-29 21:06:03,591] {logger:51} INFO - ================================================================================
[2024-03-29 21:06:03,591] {logger:52} INFO - evaluate best model of experiment all_data on dataset Maiken
[2024-03-29 21:06:03,591] {logger:53} INFO - ================================================================================
[2024-03-29 21:06:03,591] {logger:54} INFO - 
[2024-03-29 21:06:03,591] {logger:50} INFO - 
[2024-03-29 21:06:03,591] {logger:51} INFO - ================================================================================
[2024-03-29 21:06:03,591] {logger:52} INFO - start evaluation
[2024-03-29 21:06:03,591] {logger:53} INFO - ================================================================================
[2024-03-29 21:06:03,591] {logger:54} INFO - 
[2024-03-29 21:08:47,337] {dataloader:174} INFO - data distribution in database for dataset test:
	Maiken              : {'Wake': 20986, 'Non REM': 48128, 'REM': 5432}
[2024-03-29 21:08:47,341] {dataloader:202} INFO - data distribution after processing:
	Maiken              : {'Wake': 20986, 'Non REM': 48128, 'REM': 5432}
[2024-03-29 21:08:48,745] {evaluate_experiment_multiple_labs:55} INFO - loaded model:
Model(
  (feature_extractor): Sequential(
    (0): BatchNorm1d(1, eps=1e-05, momentum=0.1, affine=True, track_running_stats=True)
    (1): Conv1d(1, 96, kernel_size=(5,), stride=(1,))
    (2): ReLU(inplace=True)
    (3): BatchNorm1d(96, eps=1e-05, momentum=0.1, affine=True, track_running_stats=True)
    (4): Dropout(p=0.0, inplace=False)
    (5): Conv1d(96, 96, kernel_size=(5,), stride=(2,))
    (6): ReLU(inplace=True)
    (7): BatchNorm1d(96, eps=1e-05, momentum=0.1, affine=True, track_running_stats=True)
    (8): Dropout(p=0.2, inplace=False)
    (9): Conv1d(96, 96, kernel_size=(5,), stride=(1,))
    (10): ReLU(inplace=True)
    (11): BatchNorm1d(96, eps=1e-05, momentum=0.1, affine=True, track_running_stats=True)
    (12): Dropout(p=0.0, inplace=False)
    (13): Conv1d(96, 96, kernel_size=(5,), stride=(2,))
    (14): ReLU(inplace=True)
    (15): BatchNorm1d(96, eps=1e-05, momentum=0.1, affine=True, track_running_stats=True)
    (16): Dropout(p=0.2, inplace=False)
    (17): Conv1d(96, 96, kernel_size=(5,), stride=(1,))
    (18): ReLU(inplace=True)
    (19): BatchNorm1d(96, eps=1e-05, momentum=0.1, affine=True, track_running_stats=True)
    (20): Dropout(p=0.0, inplace=False)
    (21): Conv1d(96, 96, kernel_size=(5,), stride=(2,))
    (22): ReLU(inplace=True)
    (23): BatchNorm1d(96, eps=1e-05, momentum=0.1, affine=True, track_running_stats=True)
    (24): Dropout(p=0.2, inplace=False)
    (25): Conv1d(96, 96, kernel_size=(5,), stride=(1,))
    (26): ReLU(inplace=True)
    (27): BatchNorm1d(96, eps=1e-05, momentum=0.1, affine=True, track_running_stats=True)
    (28): Dropout(p=0.0, inplace=False)
    (29): Conv1d(96, 96, kernel_size=(5,), stride=(2,))
    (30): ReLU(inplace=True)
    (31): BatchNorm1d(96, eps=1e-05, momentum=0.1, affine=True, track_running_stats=True)
    (32): Dropout(p=0.2, inplace=False)
  )
  (classifier): Sequential(
    (0): Dropout(p=0.2, inplace=False)
    (1): Linear(in_features=10848, out_features=80, bias=True)
    (2): ReLU(inplace=True)
    (3): Dropout(p=0.2, inplace=False)
    (4): Linear(in_features=80, out_features=3, bias=True)
  )
)
[2024-03-29 21:08:57,849] {result_logger:97} INFO - scores for sleep stages on dataset: Maiken
[2024-03-29 21:08:58,001] {result_logger:103} INFO - precision on Wake: 0.789
[2024-03-29 21:08:58,094] {result_logger:104} INFO - recall on Wake: 0.678
[2024-03-29 21:08:58,187] {result_logger:107} INFO - F1-score on Wake: 0.729
[2024-03-29 21:08:58,188] {result_logger:108} INFO - 
[2024-03-29 21:08:58,341] {result_logger:103} INFO - precision on Non REM: 0.904
[2024-03-29 21:08:58,435] {result_logger:104} INFO - recall on Non REM: 0.926
[2024-03-29 21:08:58,529] {result_logger:107} INFO - F1-score on Non REM: 0.915
[2024-03-29 21:08:58,529] {result_logger:108} INFO - 
[2024-03-29 21:08:58,675] {result_logger:103} INFO - precision on REM: 0.590
[2024-03-29 21:08:58,765] {result_logger:104} INFO - recall on REM: 0.785
[2024-03-29 21:08:58,857] {result_logger:107} INFO - F1-score on REM: 0.674
[2024-03-29 21:08:58,857] {result_logger:108} INFO - 
[2024-03-29 21:08:58,875] {result_logger:111} INFO - average precision on sleep stages: 0.761
[2024-03-29 21:08:58,893] {result_logger:113} INFO - average recall on sleep stages: 0.796
[2024-03-29 21:08:58,911] {result_logger:115} INFO - average F1-score on sleep stages: 0.773
[2024-03-29 21:08:58,912] {evaluate_experiment_multiple_labs:62} INFO - 
[2024-03-29 21:08:58,912] {result_logger:130} INFO - confusion matrix for sleep stages on dataset: Maiken
[2024-03-29 21:08:58,925] {result_logger:134} INFO - 
[[14216  4386  2381]
 [ 2984 44568   581]
 [  827   338  4265]]
[2024-03-29 21:08:59,084] {result_logger:141} INFO - 
[[ 67.75%  20.90%  11.35%]
 [  6.20%  92.59%   1.21%]
 [ 15.23%   6.22%  78.55%]]
[2024-03-29 21:08:59,295] {result_logger:145} INFO - 
[[ 78.86%   8.90%  32.95%]
 [ 16.55%  90.42%   8.04%]
 [  4.59%   0.69%  59.01%]]
[2024-03-29 21:08:59,672] {result_logger:74} INFO - transformation matrix for sleep stages on dataset: Maiken
[2024-03-29 21:08:59,672] {result_logger:77} INFO - actual:
[2024-03-29 21:08:59,672] {result_logger:78} INFO - 
[[93.71%  6.27%  0.02%]
 [ 2.26% 97.23%  0.50%]
 [ 4.24%  0.29% 95.47%]]
[2024-03-29 21:08:59,672] {result_logger:79} INFO - predicted:
[2024-03-29 21:08:59,672] {result_logger:80} INFO - 
[[87.71%  9.01%  3.28%]
 [ 2.76% 96.27%  0.98%]
 [11.84%  3.00% 85.15%]]
[2024-03-29 21:08:59,813] {logger:50} INFO - 
[2024-03-29 21:08:59,813] {logger:51} INFO - ================================================================================
[2024-03-29 21:08:59,813] {logger:52} INFO - finished evaluation
[2024-03-29 21:08:59,813] {logger:53} INFO - ================================================================================
[2024-03-29 21:08:59,813] {logger:54} INFO - 
